ARM GAS  C:\Users\Rohit\AppData\Local\Temp\cc0cM4WY.s 			page 1


   1              		.cpu cortex-m0
   2              		.fpu softvfp
   3              		.eabi_attribute 20, 1
   4              		.eabi_attribute 21, 1
   5              		.eabi_attribute 23, 3
   6              		.eabi_attribute 24, 1
   7              		.eabi_attribute 25, 1
   8              		.eabi_attribute 26, 1
   9              		.eabi_attribute 30, 6
  10              		.eabi_attribute 34, 0
  11              		.eabi_attribute 18, 4
  12              		.code	16
  13              		.file	"HeartRateProcessing.c"
  14              		.text
  15              	.Ltext0:
  16              		.cfi_sections	.debug_frame
  17              		.global	heartRate
  18              		.bss
  19              		.type	heartRate, %object
  20              		.size	heartRate, 1
  21              	heartRate:
  22 0000 00       		.space	1
  23              		.global	__aeabi_uidiv
  24              		.section	.text.ProcessHeartRateSignal,"ax",%progbits
  25              		.align	2
  26              		.global	ProcessHeartRateSignal
  27              		.code	16
  28              		.thumb_func
  29              		.type	ProcessHeartRateSignal, %function
  30              	ProcessHeartRateSignal:
  31              	.LFB37:
  32              		.file 1 ".\\HeartRateProcessing.c"
   1:.\HeartRateProcessing.c **** /*****************************************************************************
   2:.\HeartRateProcessing.c **** * File Name: HeartRateProcessing.c
   3:.\HeartRateProcessing.c **** *
   4:.\HeartRateProcessing.c **** * Version: 1.0
   5:.\HeartRateProcessing.c **** *
   6:.\HeartRateProcessing.c **** * Description:
   7:.\HeartRateProcessing.c **** * This file implements the heart rate measurement capability in the the PSoC 4 
   8:.\HeartRateProcessing.c **** * BLE Lab 3.
   9:.\HeartRateProcessing.c **** *
  10:.\HeartRateProcessing.c **** * Hardware Dependency:
  11:.\HeartRateProcessing.c **** * CY8CKIT-042 BLE Pioneer Kit
  12:.\HeartRateProcessing.c **** *
  13:.\HeartRateProcessing.c **** ******************************************************************************
  14:.\HeartRateProcessing.c **** * Copyright (2014), Cypress Semiconductor Corporation.
  15:.\HeartRateProcessing.c **** ******************************************************************************
  16:.\HeartRateProcessing.c **** * This software is owned by Cypress Semiconductor Corporation (Cypress) and is
  17:.\HeartRateProcessing.c **** * protected by and subject to worldwide patent protection (United States and
  18:.\HeartRateProcessing.c **** * foreign), United States copyright laws and international treaty provisions.
  19:.\HeartRateProcessing.c **** * Cypress hereby grants to licensee a personal, non-exclusive, non-transferable
  20:.\HeartRateProcessing.c **** * license to copy, use, modify, create derivative works of, and compile the
  21:.\HeartRateProcessing.c **** * Cypress Source Code and derivative works for the sole purpose of creating
  22:.\HeartRateProcessing.c **** * custom software in support of licensee product to be used only in conjunction
  23:.\HeartRateProcessing.c **** * with a Cypress integrated circuit as specified in the applicable agreement.
  24:.\HeartRateProcessing.c **** * Any reproduction, modification, translation, compilation, or representation of
  25:.\HeartRateProcessing.c **** * this software except as specified above is prohibited without the express
ARM GAS  C:\Users\Rohit\AppData\Local\Temp\cc0cM4WY.s 			page 2


  26:.\HeartRateProcessing.c **** * written permission of Cypress.
  27:.\HeartRateProcessing.c **** *
  28:.\HeartRateProcessing.c **** * Disclaimer: CYPRESS MAKES NO WARRANTY OF ANY KIND, EXPRESS OR IMPLIED, WITH
  29:.\HeartRateProcessing.c **** * REGARD TO THIS MATERIAL, INCLUDING, BUT NOT LIMITED TO, THE IMPLIED
  30:.\HeartRateProcessing.c **** * WARRANTIES OF MERCHANTABILITY AND FITNESS FOR A PARTICULAR PURPOSE.
  31:.\HeartRateProcessing.c **** * Cypress reserves the right to make changes without further notice to the
  32:.\HeartRateProcessing.c **** * materials described herein. Cypress does not assume any liability arising out
  33:.\HeartRateProcessing.c **** * of the application or use of any product or circuit described herein. Cypress
  34:.\HeartRateProcessing.c **** * does not authorize its products for use as critical components in life-support
  35:.\HeartRateProcessing.c **** * systems where a malfunction or failure may reasonably be expected to result in
  36:.\HeartRateProcessing.c **** * significant injury to the user. The inclusion of Cypress' product in a life-
  37:.\HeartRateProcessing.c **** * support systems application implies that the manufacturer assumes all risk of
  38:.\HeartRateProcessing.c **** * such use and in doing so indemnifies Cypress against all charges. Use may be
  39:.\HeartRateProcessing.c **** * limited by and subject to the applicable Cypress software license agreement.
  40:.\HeartRateProcessing.c **** *****************************************************************************/
  41:.\HeartRateProcessing.c **** 
  42:.\HeartRateProcessing.c **** 
  43:.\HeartRateProcessing.c **** /*****************************************************************************
  44:.\HeartRateProcessing.c **** * Included headers
  45:.\HeartRateProcessing.c **** *****************************************************************************/
  46:.\HeartRateProcessing.c **** #include <project.h>
  47:.\HeartRateProcessing.c **** #include <stdbool.h>
  48:.\HeartRateProcessing.c **** #include "WatchdogTimer.h"
  49:.\HeartRateProcessing.c **** 
  50:.\HeartRateProcessing.c **** 
  51:.\HeartRateProcessing.c **** /*****************************************************************************
  52:.\HeartRateProcessing.c **** * Macros 
  53:.\HeartRateProcessing.c **** *****************************************************************************/
  54:.\HeartRateProcessing.c **** #define HEART_RATE_CHANNEL			        (0)
  55:.\HeartRateProcessing.c **** #define ADC_THRESHOLD 			            (0x06A0)
  56:.\HeartRateProcessing.c **** #define SEC_IN_MIN							(60)
  57:.\HeartRateProcessing.c **** #define MS_TO_SECOND                        (1000)
  58:.\HeartRateProcessing.c **** 
  59:.\HeartRateProcessing.c **** 
  60:.\HeartRateProcessing.c **** /*****************************************************************************
  61:.\HeartRateProcessing.c **** * Public variables 
  62:.\HeartRateProcessing.c **** *****************************************************************************/
  63:.\HeartRateProcessing.c **** uint8 heartRate = 0;
  64:.\HeartRateProcessing.c **** 
  65:.\HeartRateProcessing.c **** 
  66:.\HeartRateProcessing.c **** /*****************************************************************************
  67:.\HeartRateProcessing.c **** * Public function definitions
  68:.\HeartRateProcessing.c **** *****************************************************************************/
  69:.\HeartRateProcessing.c **** 
  70:.\HeartRateProcessing.c **** /*****************************************************************************
  71:.\HeartRateProcessing.c **** * Function Name: ProcessHeartRateSignal
  72:.\HeartRateProcessing.c **** ******************************************************************************
  73:.\HeartRateProcessing.c **** * Summary:
  74:.\HeartRateProcessing.c **** * Measures the heart rate of the user.
  75:.\HeartRateProcessing.c **** *
  76:.\HeartRateProcessing.c **** * Parameters:
  77:.\HeartRateProcessing.c **** * None
  78:.\HeartRateProcessing.c **** *
  79:.\HeartRateProcessing.c **** * Return:
  80:.\HeartRateProcessing.c **** * None
  81:.\HeartRateProcessing.c **** *
  82:.\HeartRateProcessing.c **** * Theory:
ARM GAS  C:\Users\Rohit\AppData\Local\Temp\cc0cM4WY.s 			page 3


  83:.\HeartRateProcessing.c **** * This function acts as a simple model for heart rate measurement.
  84:.\HeartRateProcessing.c **** * The function takes the ADC sampled output and compares it to a threshold.
  85:.\HeartRateProcessing.c **** * If the ADC output is more than the threshold then it is considered as a 
  86:.\HeartRateProcessing.c **** * valid beat (R peak). The rising edge of this R peak is identified and the 
  87:.\HeartRateProcessing.c **** * corresponding system timestamp is noted. The RR-interval between two 
  88:.\HeartRateProcessing.c **** * peaks is then calculated and converted to a heart rate value in beats per
  89:.\HeartRateProcessing.c **** * minute. The RR-interval period is calculated over a rolling window.
  90:.\HeartRateProcessing.c **** *
  91:.\HeartRateProcessing.c **** * Side Effects:
  92:.\HeartRateProcessing.c **** * None
  93:.\HeartRateProcessing.c **** *
  94:.\HeartRateProcessing.c **** *****************************************************************************/
  95:.\HeartRateProcessing.c **** void ProcessHeartRateSignal(void)
  96:.\HeartRateProcessing.c **** {
  33              		.loc 1 96 0
  34              		.cfi_startproc
  35 0000 90B5     		push	{r4, r7, lr}
  36              		.cfi_def_cfa_offset 12
  37              		.cfi_offset 4, -12
  38              		.cfi_offset 7, -8
  39              		.cfi_offset 14, -4
  40 0002 83B0     		sub	sp, sp, #12
  41              		.cfi_def_cfa_offset 24
  42 0004 00AF     		add	r7, sp, #0
  43              		.cfi_def_cfa_register 7
  97:.\HeartRateProcessing.c ****     static bool newBeat = true;
  98:.\HeartRateProcessing.c ****     static bool firstTime = true;
  99:.\HeartRateProcessing.c ****     static uint32 previousBeatTime = 0;
 100:.\HeartRateProcessing.c ****     static uint32 newBeatTime = 0;
 101:.\HeartRateProcessing.c ****     int16 adcOut;
 102:.\HeartRateProcessing.c ****     uint32 twoSampleTime = 0;
  44              		.loc 1 102 0
  45 0006 0023     		mov	r3, #0
  46 0008 7B60     		str	r3, [r7, #4]
 103:.\HeartRateProcessing.c **** 
 104:.\HeartRateProcessing.c ****     /* Get the ADC output */
 105:.\HeartRateProcessing.c ****     ADC_StartConvert();
  47              		.loc 1 105 0
  48 000a FFF7FEFF 		bl	ADC_StartConvert
 106:.\HeartRateProcessing.c ****     ADC_IsEndConversion(ADC_WAIT_FOR_RESULT);
  49              		.loc 1 106 0
  50 000e 0220     		mov	r0, #2
  51 0010 FFF7FEFF 		bl	ADC_IsEndConversion
 107:.\HeartRateProcessing.c ****     adcOut = ADC_GetResult16(HEART_RATE_CHANNEL);
  52              		.loc 1 107 0
  53 0014 BC1C     		add	r4, r7, #2
  54 0016 0020     		mov	r0, #0
  55 0018 FFF7FEFF 		bl	ADC_GetResult16
  56 001c 031C     		mov	r3, r0
  57 001e 2380     		strh	r3, [r4]
 108:.\HeartRateProcessing.c ****     
 109:.\HeartRateProcessing.c ****     /* If the ADC output is more than a fixed threshold, consider that a 
 110:.\HeartRateProcessing.c ****      * valid R peak */
 111:.\HeartRateProcessing.c ****     if (adcOut > ADC_THRESHOLD)
  58              		.loc 1 111 0
  59 0020 BB1C     		add	r3, r7, #2
  60 0022 0022     		mov	r2, #0
ARM GAS  C:\Users\Rohit\AppData\Local\Temp\cc0cM4WY.s 			page 4


  61 0024 9A5E     		ldrsh	r2, [r3, r2]
  62 0026 D423     		mov	r3, #212
  63 0028 DB00     		lsl	r3, r3, #3
  64 002a 9A42     		cmp	r2, r3
  65 002c 2EDD     		ble	.L2
 112:.\HeartRateProcessing.c ****     {
 113:.\HeartRateProcessing.c ****         /* Check if the R peak just started - i.e. identify the rising 
 114:.\HeartRateProcessing.c ****          * edge of the R peak */
 115:.\HeartRateProcessing.c ****         if(newBeat)
  66              		.loc 1 115 0
  67 002e 1A4B     		ldr	r3, .L7
  68 0030 1B78     		ldrb	r3, [r3]
  69 0032 002B     		cmp	r3, #0
  70 0034 26D0     		beq	.L3
 116:.\HeartRateProcessing.c ****         {
 117:.\HeartRateProcessing.c ****             /* Check if this is the first R-peak seen by the device yet.
 118:.\HeartRateProcessing.c ****              * If that is the case, we cannot calculate a heart rate value 
 119:.\HeartRateProcessing.c ****              * yet since a minimum of two peak time interval is required. 
 120:.\HeartRateProcessing.c ****              * Just note the timestamp of this peak.
 121:.\HeartRateProcessing.c ****              */
 122:.\HeartRateProcessing.c ****     		if(firstTime == true)
  71              		.loc 1 122 0
  72 0036 194B     		ldr	r3, .L7+4
  73 0038 1B78     		ldrb	r3, [r3]
  74 003a 002B     		cmp	r3, #0
  75 003c 08D0     		beq	.L4
 123:.\HeartRateProcessing.c ****     		{
 124:.\HeartRateProcessing.c ****     			firstTime = false;
  76              		.loc 1 124 0
  77 003e 174B     		ldr	r3, .L7+4
  78 0040 0022     		mov	r2, #0
  79 0042 1A70     		strb	r2, [r3]
 125:.\HeartRateProcessing.c ****     			previousBeatTime = WatchdogTimer_GetTimestamp();
  80              		.loc 1 125 0
  81 0044 FFF7FEFF 		bl	WatchdogTimer_GetTimestamp
  82 0048 021C     		mov	r2, r0
  83 004a 154B     		ldr	r3, .L7+8
  84 004c 1A60     		str	r2, [r3]
  85 004e 19E0     		b	.L3
  86              	.L4:
 126:.\HeartRateProcessing.c ****     		}
 127:.\HeartRateProcessing.c ****     		else
 128:.\HeartRateProcessing.c ****     		{
 129:.\HeartRateProcessing.c ****                 /* Rolling window of two samples. Note the timestamp of 
 130:.\HeartRateProcessing.c ****                  * the new peak and subtract the timestamp of the previous
 131:.\HeartRateProcessing.c ****                  * to obtain the RR-interval. Extrapolate it to get a heart
 132:.\HeartRateProcessing.c ****                  * beat value in beats per minute.
 133:.\HeartRateProcessing.c ****                  */
 134:.\HeartRateProcessing.c ****     			newBeatTime = WatchdogTimer_GetTimestamp();
  87              		.loc 1 134 0
  88 0050 FFF7FEFF 		bl	WatchdogTimer_GetTimestamp
  89 0054 021C     		mov	r2, r0
  90 0056 134B     		ldr	r3, .L7+12
  91 0058 1A60     		str	r2, [r3]
 135:.\HeartRateProcessing.c ****     			twoSampleTime = newBeatTime - previousBeatTime;
  92              		.loc 1 135 0
  93 005a 124B     		ldr	r3, .L7+12
ARM GAS  C:\Users\Rohit\AppData\Local\Temp\cc0cM4WY.s 			page 5


  94 005c 1A68     		ldr	r2, [r3]
  95 005e 104B     		ldr	r3, .L7+8
  96 0060 1B68     		ldr	r3, [r3]
  97 0062 D31A     		sub	r3, r2, r3
  98 0064 7B60     		str	r3, [r7, #4]
 136:.\HeartRateProcessing.c ****                 
 137:.\HeartRateProcessing.c ****                 if(twoSampleTime != 0)
  99              		.loc 1 137 0
 100 0066 7B68     		ldr	r3, [r7, #4]
 101 0068 002B     		cmp	r3, #0
 102 006a 07D0     		beq	.L5
 138:.\HeartRateProcessing.c ****                 {
 139:.\HeartRateProcessing.c ****                     heartRate = (uint32)SEC_IN_MIN * MS_TO_SECOND / twoSampleTime;
 103              		.loc 1 139 0
 104 006c 0E48     		ldr	r0, .L7+16
 105 006e 7968     		ldr	r1, [r7, #4]
 106 0070 FFF7FEFF 		bl	__aeabi_uidiv
 107 0074 031C     		mov	r3, r0
 108 0076 DAB2     		uxtb	r2, r3
 109 0078 0C4B     		ldr	r3, .L7+20
 110 007a 1A70     		strb	r2, [r3]
 111              	.L5:
 140:.\HeartRateProcessing.c ****                 }
 141:.\HeartRateProcessing.c ****                 
 142:.\HeartRateProcessing.c ****                 previousBeatTime = newBeatTime;
 112              		.loc 1 142 0
 113 007c 094B     		ldr	r3, .L7+12
 114 007e 1A68     		ldr	r2, [r3]
 115 0080 074B     		ldr	r3, .L7+8
 116 0082 1A60     		str	r2, [r3]
 117              	.L3:
 143:.\HeartRateProcessing.c ****     		}
 144:.\HeartRateProcessing.c ****         }
 145:.\HeartRateProcessing.c ****         
 146:.\HeartRateProcessing.c ****         /* Clear the flag to indicate next time that this R peak has already
 147:.\HeartRateProcessing.c ****          * been accounted for and we need to wait for the next peak. 
 148:.\HeartRateProcessing.c ****          */
 149:.\HeartRateProcessing.c ****         newBeat = false;
 118              		.loc 1 149 0
 119 0084 044B     		ldr	r3, .L7
 120 0086 0022     		mov	r2, #0
 121 0088 1A70     		strb	r2, [r3]
 122 008a 02E0     		b	.L1
 123              	.L2:
 150:.\HeartRateProcessing.c ****     }
 151:.\HeartRateProcessing.c ****     else
 152:.\HeartRateProcessing.c ****     {
 153:.\HeartRateProcessing.c ****         /* Set the flag to indicate that there is no R-peak going on right now.
 154:.\HeartRateProcessing.c ****          * So it is expected that the next time the ADC output is more than 
 155:.\HeartRateProcessing.c ****          * the threshold, it will be a new peak. 
 156:.\HeartRateProcessing.c ****          */
 157:.\HeartRateProcessing.c ****         newBeat = true;
 124              		.loc 1 157 0
 125 008c 024B     		ldr	r3, .L7
 126 008e 0122     		mov	r2, #1
 127 0090 1A70     		strb	r2, [r3]
 128              	.L1:
ARM GAS  C:\Users\Rohit\AppData\Local\Temp\cc0cM4WY.s 			page 6


 158:.\HeartRateProcessing.c ****     }
 159:.\HeartRateProcessing.c **** }
 129              		.loc 1 159 0
 130 0092 BD46     		mov	sp, r7
 131 0094 03B0     		add	sp, sp, #12
 132              		@ sp needed
 133 0096 90BD     		pop	{r4, r7, pc}
 134              	.L8:
 135              		.align	2
 136              	.L7:
 137 0098 00000000 		.word	newBeat.6885
 138 009c 01000000 		.word	firstTime.6886
 139 00a0 04000000 		.word	previousBeatTime.6887
 140 00a4 08000000 		.word	newBeatTime.6888
 141 00a8 60EA0000 		.word	60000
 142 00ac 00000000 		.word	heartRate
 143              		.cfi_endproc
 144              	.LFE37:
 145              		.size	ProcessHeartRateSignal, .-ProcessHeartRateSignal
 146              		.data
 147              		.type	newBeat.6885, %object
 148              		.size	newBeat.6885, 1
 149              	newBeat.6885:
 150 0000 01       		.byte	1
 151              		.type	firstTime.6886, %object
 152              		.size	firstTime.6886, 1
 153              	firstTime.6886:
 154 0001 01       		.byte	1
 155              		.bss
 156 0001 000000   		.align	2
 157              	previousBeatTime.6887:
 158 0004 00000000 		.space	4
 159              		.align	2
 160              	newBeatTime.6888:
 161 0008 00000000 		.space	4
 162              		.text
 163              	.Letext0:
 164              		.file 2 "Generated_Source\\PSoC4/cytypes.h"
 165              		.file 3 "Generated_Source\\PSoC4/BLE_Stack.h"
 166              		.section	.debug_info,"",%progbits
 167              	.Ldebug_info0:
 168 0000 F3020000 		.4byte	0x2f3
 169 0004 0400     		.2byte	0x4
 170 0006 00000000 		.4byte	.Ldebug_abbrev0
 171 000a 04       		.byte	0x4
 172 000b 01       		.uleb128 0x1
 173 000c 8C060000 		.4byte	.LASF89
 174 0010 01       		.byte	0x1
 175 0011 0E060000 		.4byte	.LASF90
 176 0015 08010000 		.4byte	.LASF91
 177 0019 00000000 		.4byte	.Ldebug_ranges0+0
 178 001d 00000000 		.4byte	0
 179 0021 00000000 		.4byte	.Ldebug_line0
 180 0025 02       		.uleb128 0x2
 181 0026 01       		.byte	0x1
 182 0027 06       		.byte	0x6
 183 0028 F3040000 		.4byte	.LASF0
ARM GAS  C:\Users\Rohit\AppData\Local\Temp\cc0cM4WY.s 			page 7


 184 002c 02       		.uleb128 0x2
 185 002d 01       		.byte	0x1
 186 002e 08       		.byte	0x8
 187 002f 81040000 		.4byte	.LASF1
 188 0033 02       		.uleb128 0x2
 189 0034 02       		.byte	0x2
 190 0035 05       		.byte	0x5
 191 0036 AC000000 		.4byte	.LASF2
 192 003a 02       		.uleb128 0x2
 193 003b 02       		.byte	0x2
 194 003c 07       		.byte	0x7
 195 003d 36070000 		.4byte	.LASF3
 196 0041 02       		.uleb128 0x2
 197 0042 04       		.byte	0x4
 198 0043 05       		.byte	0x5
 199 0044 00030000 		.4byte	.LASF4
 200 0048 02       		.uleb128 0x2
 201 0049 04       		.byte	0x4
 202 004a 07       		.byte	0x7
 203 004b 84050000 		.4byte	.LASF5
 204 004f 02       		.uleb128 0x2
 205 0050 08       		.byte	0x8
 206 0051 05       		.byte	0x5
 207 0052 FA000000 		.4byte	.LASF6
 208 0056 02       		.uleb128 0x2
 209 0057 08       		.byte	0x8
 210 0058 07       		.byte	0x7
 211 0059 E9020000 		.4byte	.LASF7
 212 005d 03       		.uleb128 0x3
 213 005e 04       		.byte	0x4
 214 005f 05       		.byte	0x5
 215 0060 696E7400 		.ascii	"int\000"
 216 0064 02       		.uleb128 0x2
 217 0065 04       		.byte	0x4
 218 0066 07       		.byte	0x7
 219 0067 5C050000 		.4byte	.LASF8
 220 006b 04       		.uleb128 0x4
 221 006c 49040000 		.4byte	.LASF9
 222 0070 02       		.byte	0x2
 223 0071 9801     		.2byte	0x198
 224 0073 2C000000 		.4byte	0x2c
 225 0077 04       		.uleb128 0x4
 226 0078 8C070000 		.4byte	.LASF10
 227 007c 02       		.byte	0x2
 228 007d 9A01     		.2byte	0x19a
 229 007f 48000000 		.4byte	0x48
 230 0083 04       		.uleb128 0x4
 231 0084 C0010000 		.4byte	.LASF11
 232 0088 02       		.byte	0x2
 233 0089 9C01     		.2byte	0x19c
 234 008b 33000000 		.4byte	0x33
 235 008f 02       		.uleb128 0x2
 236 0090 04       		.byte	0x4
 237 0091 04       		.byte	0x4
 238 0092 80020000 		.4byte	.LASF12
 239 0096 02       		.uleb128 0x2
 240 0097 08       		.byte	0x8
ARM GAS  C:\Users\Rohit\AppData\Local\Temp\cc0cM4WY.s 			page 8


 241 0098 04       		.byte	0x4
 242 0099 D4070000 		.4byte	.LASF13
 243 009d 02       		.uleb128 0x2
 244 009e 01       		.byte	0x1
 245 009f 08       		.byte	0x8
 246 00a0 87060000 		.4byte	.LASF14
 247 00a4 02       		.uleb128 0x2
 248 00a5 04       		.byte	0x4
 249 00a6 07       		.byte	0x7
 250 00a7 D0000000 		.4byte	.LASF15
 251 00ab 05       		.uleb128 0x5
 252 00ac 01       		.byte	0x1
 253 00ad 03       		.byte	0x3
 254 00ae 4201     		.2byte	0x142
 255 00b0 68020000 		.4byte	0x268
 256 00b4 06       		.uleb128 0x6
 257 00b5 2A020000 		.4byte	.LASF16
 258 00b9 00       		.sleb128 0
 259 00ba 06       		.uleb128 0x6
 260 00bb 85010000 		.4byte	.LASF17
 261 00bf 01       		.sleb128 1
 262 00c0 06       		.uleb128 0x6
 263 00c1 F1080000 		.4byte	.LASF18
 264 00c5 02       		.sleb128 2
 265 00c6 06       		.uleb128 0x6
 266 00c7 0C080000 		.4byte	.LASF19
 267 00cb 03       		.sleb128 3
 268 00cc 06       		.uleb128 0x6
 269 00cd 4F010000 		.4byte	.LASF20
 270 00d1 04       		.sleb128 4
 271 00d2 06       		.uleb128 0x6
 272 00d3 C5030000 		.4byte	.LASF21
 273 00d7 05       		.sleb128 5
 274 00d8 06       		.uleb128 0x6
 275 00d9 3E000000 		.4byte	.LASF22
 276 00dd 06       		.sleb128 6
 277 00de 06       		.uleb128 0x6
 278 00df 6A080000 		.4byte	.LASF23
 279 00e3 20       		.sleb128 32
 280 00e4 06       		.uleb128 0x6
 281 00e5 96050000 		.4byte	.LASF24
 282 00e9 21       		.sleb128 33
 283 00ea 06       		.uleb128 0x6
 284 00eb 00000000 		.4byte	.LASF25
 285 00ef 22       		.sleb128 34
 286 00f0 06       		.uleb128 0x6
 287 00f1 E1030000 		.4byte	.LASF26
 288 00f5 23       		.sleb128 35
 289 00f6 06       		.uleb128 0x6
 290 00f7 40050000 		.4byte	.LASF27
 291 00fb 24       		.sleb128 36
 292 00fc 06       		.uleb128 0x6
 293 00fd B6000000 		.4byte	.LASF28
 294 0101 25       		.sleb128 37
 295 0102 06       		.uleb128 0x6
 296 0103 7C030000 		.4byte	.LASF29
 297 0107 26       		.sleb128 38
ARM GAS  C:\Users\Rohit\AppData\Local\Temp\cc0cM4WY.s 			page 9


 298 0108 06       		.uleb128 0x6
 299 0109 5D030000 		.4byte	.LASF30
 300 010d 27       		.sleb128 39
 301 010e 06       		.uleb128 0x6
 302 010f 9C090000 		.4byte	.LASF31
 303 0113 28       		.sleb128 40
 304 0114 06       		.uleb128 0x6
 305 0115 CE050000 		.4byte	.LASF32
 306 0119 29       		.sleb128 41
 307 011a 06       		.uleb128 0x6
 308 011b 26060000 		.4byte	.LASF33
 309 011f 2A       		.sleb128 42
 310 0120 06       		.uleb128 0x6
 311 0121 27090000 		.4byte	.LASF34
 312 0125 2B       		.sleb128 43
 313 0126 06       		.uleb128 0x6
 314 0127 C6010000 		.4byte	.LASF35
 315 012b 2C       		.sleb128 44
 316 012c 06       		.uleb128 0x6
 317 012d 9F020000 		.4byte	.LASF36
 318 0131 2D       		.sleb128 45
 319 0132 06       		.uleb128 0x6
 320 0133 88000000 		.4byte	.LASF37
 321 0137 2E       		.sleb128 46
 322 0138 06       		.uleb128 0x6
 323 0139 000A0000 		.4byte	.LASF38
 324 013d 2F       		.sleb128 47
 325 013e 06       		.uleb128 0x6
 326 013f D9000000 		.4byte	.LASF39
 327 0143 30       		.sleb128 48
 328 0144 06       		.uleb128 0x6
 329 0145 25040000 		.4byte	.LASF40
 330 0149 31       		.sleb128 49
 331 014a 06       		.uleb128 0x6
 332 014b C8020000 		.4byte	.LASF41
 333 014f 32       		.sleb128 50
 334 0150 06       		.uleb128 0x6
 335 0151 4F060000 		.4byte	.LASF42
 336 0155 33       		.sleb128 51
 337 0156 06       		.uleb128 0x6
 338 0157 57000000 		.4byte	.LASF43
 339 015b C000     		.sleb128 64
 340 015d 06       		.uleb128 0x6
 341 015e 69050000 		.4byte	.LASF44
 342 0162 C100     		.sleb128 65
 343 0164 06       		.uleb128 0x6
 344 0165 E2090000 		.4byte	.LASF45
 345 0169 C200     		.sleb128 66
 346 016b 06       		.uleb128 0x6
 347 016c 98010000 		.4byte	.LASF46
 348 0170 C300     		.sleb128 67
 349 0172 06       		.uleb128 0x6
 350 0173 D3080000 		.4byte	.LASF47
 351 0177 C400     		.sleb128 68
 352 0179 06       		.uleb128 0x6
 353 017a 8E080000 		.4byte	.LASF48
 354 017e C500     		.sleb128 69
ARM GAS  C:\Users\Rohit\AppData\Local\Temp\cc0cM4WY.s 			page 10


 355 0180 06       		.uleb128 0x6
 356 0181 64010000 		.4byte	.LASF49
 357 0185 C600     		.sleb128 70
 358 0187 06       		.uleb128 0x6
 359 0188 D5040000 		.4byte	.LASF50
 360 018c C700     		.sleb128 71
 361 018e 06       		.uleb128 0x6
 362 018f 19050000 		.4byte	.LASF51
 363 0193 C800     		.sleb128 72
 364 0195 06       		.uleb128 0x6
 365 0196 86020000 		.4byte	.LASF52
 366 019a C900     		.sleb128 73
 367 019c 06       		.uleb128 0x6
 368 019d 4F070000 		.4byte	.LASF53
 369 01a1 CA00     		.sleb128 74
 370 01a3 06       		.uleb128 0x6
 371 01a4 EA010000 		.4byte	.LASF54
 372 01a8 CB00     		.sleb128 75
 373 01aa 06       		.uleb128 0x6
 374 01ab FF040000 		.4byte	.LASF55
 375 01af CC00     		.sleb128 76
 376 01b1 06       		.uleb128 0x6
 377 01b2 24000000 		.4byte	.LASF56
 378 01b6 CD00     		.sleb128 77
 379 01b8 06       		.uleb128 0x6
 380 01b9 B5080000 		.4byte	.LASF57
 381 01bd CE00     		.sleb128 78
 382 01bf 06       		.uleb128 0x6
 383 01c0 8F040000 		.4byte	.LASF58
 384 01c4 CF00     		.sleb128 79
 385 01c6 06       		.uleb128 0x6
 386 01c7 7D090000 		.4byte	.LASF59
 387 01cb D000     		.sleb128 80
 388 01cd 06       		.uleb128 0x6
 389 01ce 6D070000 		.4byte	.LASF60
 390 01d2 D100     		.sleb128 81
 391 01d4 06       		.uleb128 0x6
 392 01d5 A4030000 		.4byte	.LASF61
 393 01d9 D200     		.sleb128 82
 394 01db 06       		.uleb128 0x6
 395 01dc 09030000 		.4byte	.LASF62
 396 01e0 D300     		.sleb128 83
 397 01e2 06       		.uleb128 0x6
 398 01e3 09020000 		.4byte	.LASF63
 399 01e7 D400     		.sleb128 84
 400 01e9 06       		.uleb128 0x6
 401 01ea BE090000 		.4byte	.LASF64
 402 01ee D500     		.sleb128 85
 403 01f0 06       		.uleb128 0x6
 404 01f1 5B090000 		.4byte	.LASF65
 405 01f5 D600     		.sleb128 86
 406 01f7 06       		.uleb128 0x6
 407 01f8 2A030000 		.4byte	.LASF66
 408 01fc D700     		.sleb128 87
 409 01fe 06       		.uleb128 0x6
 410 01ff EB050000 		.4byte	.LASF67
 411 0203 D800     		.sleb128 88
ARM GAS  C:\Users\Rohit\AppData\Local\Temp\cc0cM4WY.s 			page 11


 412 0205 06       		.uleb128 0x6
 413 0206 5B040000 		.4byte	.LASF68
 414 020a F000     		.sleb128 112
 415 020c 06       		.uleb128 0x6
 416 020d 44080000 		.4byte	.LASF69
 417 0211 F100     		.sleb128 113
 418 0213 06       		.uleb128 0x6
 419 0214 1A070000 		.4byte	.LASF70
 420 0218 F200     		.sleb128 114
 421 021a 06       		.uleb128 0x6
 422 021b 41020000 		.4byte	.LASF71
 423 021f F300     		.sleb128 115
 424 0221 06       		.uleb128 0x6
 425 0222 07040000 		.4byte	.LASF72
 426 0226 F400     		.sleb128 116
 427 0228 06       		.uleb128 0x6
 428 0229 AD050000 		.4byte	.LASF73
 429 022d F500     		.sleb128 117
 430 022f 06       		.uleb128 0x6
 431 0230 5F020000 		.4byte	.LASF74
 432 0234 F600     		.sleb128 118
 433 0236 06       		.uleb128 0x6
 434 0237 25080000 		.4byte	.LASF75
 435 023b F700     		.sleb128 119
 436 023d 06       		.uleb128 0x6
 437 023e B1070000 		.4byte	.LASF76
 438 0242 F800     		.sleb128 120
 439 0244 06       		.uleb128 0x6
 440 0245 E9070000 		.4byte	.LASF77
 441 0249 F900     		.sleb128 121
 442 024b 06       		.uleb128 0x6
 443 024c 03090000 		.4byte	.LASF78
 444 0250 FA00     		.sleb128 122
 445 0252 06       		.uleb128 0x6
 446 0253 93070000 		.4byte	.LASF79
 447 0257 FA01     		.sleb128 250
 448 0259 06       		.uleb128 0x6
 449 025a AE040000 		.4byte	.LASF80
 450 025e FB01     		.sleb128 251
 451 0260 06       		.uleb128 0x6
 452 0261 46090000 		.4byte	.LASF81
 453 0265 FF01     		.sleb128 255
 454 0267 00       		.byte	0
 455 0268 07       		.uleb128 0x7
 456 0269 71000000 		.4byte	.LASF92
 457 026d 01       		.byte	0x1
 458 026e 5F       		.byte	0x5f
 459 026f 00000000 		.4byte	.LFB37
 460 0273 B0000000 		.4byte	.LFE37-.LFB37
 461 0277 01       		.uleb128 0x1
 462 0278 9C       		.byte	0x9c
 463 0279 DE020000 		.4byte	0x2de
 464 027d 08       		.uleb128 0x8
 465 027e CD040000 		.4byte	.LASF82
 466 0282 01       		.byte	0x1
 467 0283 61       		.byte	0x61
 468 0284 DE020000 		.4byte	0x2de
ARM GAS  C:\Users\Rohit\AppData\Local\Temp\cc0cM4WY.s 			page 12


 469 0288 05       		.uleb128 0x5
 470 0289 03       		.byte	0x3
 471 028a 00000000 		.4byte	newBeat.6885
 472 028e 08       		.uleb128 0x8
 473 028f B6010000 		.4byte	.LASF83
 474 0293 01       		.byte	0x1
 475 0294 62       		.byte	0x62
 476 0295 DE020000 		.4byte	0x2de
 477 0299 05       		.uleb128 0x5
 478 029a 03       		.byte	0x3
 479 029b 01000000 		.4byte	firstTime.6886
 480 029f 08       		.uleb128 0x8
 481 02a0 76060000 		.4byte	.LASF84
 482 02a4 01       		.byte	0x1
 483 02a5 63       		.byte	0x63
 484 02a6 77000000 		.4byte	0x77
 485 02aa 05       		.uleb128 0x5
 486 02ab 03       		.byte	0x3
 487 02ac 04000000 		.4byte	previousBeatTime.6887
 488 02b0 08       		.uleb128 0x8
 489 02b1 4F040000 		.4byte	.LASF85
 490 02b5 01       		.byte	0x1
 491 02b6 64       		.byte	0x64
 492 02b7 77000000 		.4byte	0x77
 493 02bb 05       		.uleb128 0x5
 494 02bc 03       		.byte	0x3
 495 02bd 08000000 		.4byte	newBeatTime.6888
 496 02c1 08       		.uleb128 0x8
 497 02c2 54090000 		.4byte	.LASF86
 498 02c6 01       		.byte	0x1
 499 02c7 65       		.byte	0x65
 500 02c8 83000000 		.4byte	0x83
 501 02cc 02       		.uleb128 0x2
 502 02cd 91       		.byte	0x91
 503 02ce 6A       		.sleb128 -22
 504 02cf 08       		.uleb128 0x8
 505 02d0 DB070000 		.4byte	.LASF87
 506 02d4 01       		.byte	0x1
 507 02d5 66       		.byte	0x66
 508 02d6 77000000 		.4byte	0x77
 509 02da 02       		.uleb128 0x2
 510 02db 91       		.byte	0x91
 511 02dc 6C       		.sleb128 -20
 512 02dd 00       		.byte	0
 513 02de 02       		.uleb128 0x2
 514 02df 01       		.byte	0x1
 515 02e0 02       		.byte	0x2
 516 02e1 49070000 		.4byte	.LASF88
 517 02e5 09       		.uleb128 0x9
 518 02e6 53030000 		.4byte	.LASF93
 519 02ea 01       		.byte	0x1
 520 02eb 3F       		.byte	0x3f
 521 02ec 6B000000 		.4byte	0x6b
 522 02f0 05       		.uleb128 0x5
 523 02f1 03       		.byte	0x3
 524 02f2 00000000 		.4byte	heartRate
 525 02f6 00       		.byte	0
ARM GAS  C:\Users\Rohit\AppData\Local\Temp\cc0cM4WY.s 			page 13


 526              		.section	.debug_abbrev,"",%progbits
 527              	.Ldebug_abbrev0:
 528 0000 01       		.uleb128 0x1
 529 0001 11       		.uleb128 0x11
 530 0002 01       		.byte	0x1
 531 0003 25       		.uleb128 0x25
 532 0004 0E       		.uleb128 0xe
 533 0005 13       		.uleb128 0x13
 534 0006 0B       		.uleb128 0xb
 535 0007 03       		.uleb128 0x3
 536 0008 0E       		.uleb128 0xe
 537 0009 1B       		.uleb128 0x1b
 538 000a 0E       		.uleb128 0xe
 539 000b 55       		.uleb128 0x55
 540 000c 17       		.uleb128 0x17
 541 000d 11       		.uleb128 0x11
 542 000e 01       		.uleb128 0x1
 543 000f 10       		.uleb128 0x10
 544 0010 17       		.uleb128 0x17
 545 0011 00       		.byte	0
 546 0012 00       		.byte	0
 547 0013 02       		.uleb128 0x2
 548 0014 24       		.uleb128 0x24
 549 0015 00       		.byte	0
 550 0016 0B       		.uleb128 0xb
 551 0017 0B       		.uleb128 0xb
 552 0018 3E       		.uleb128 0x3e
 553 0019 0B       		.uleb128 0xb
 554 001a 03       		.uleb128 0x3
 555 001b 0E       		.uleb128 0xe
 556 001c 00       		.byte	0
 557 001d 00       		.byte	0
 558 001e 03       		.uleb128 0x3
 559 001f 24       		.uleb128 0x24
 560 0020 00       		.byte	0
 561 0021 0B       		.uleb128 0xb
 562 0022 0B       		.uleb128 0xb
 563 0023 3E       		.uleb128 0x3e
 564 0024 0B       		.uleb128 0xb
 565 0025 03       		.uleb128 0x3
 566 0026 08       		.uleb128 0x8
 567 0027 00       		.byte	0
 568 0028 00       		.byte	0
 569 0029 04       		.uleb128 0x4
 570 002a 16       		.uleb128 0x16
 571 002b 00       		.byte	0
 572 002c 03       		.uleb128 0x3
 573 002d 0E       		.uleb128 0xe
 574 002e 3A       		.uleb128 0x3a
 575 002f 0B       		.uleb128 0xb
 576 0030 3B       		.uleb128 0x3b
 577 0031 05       		.uleb128 0x5
 578 0032 49       		.uleb128 0x49
 579 0033 13       		.uleb128 0x13
 580 0034 00       		.byte	0
 581 0035 00       		.byte	0
 582 0036 05       		.uleb128 0x5
ARM GAS  C:\Users\Rohit\AppData\Local\Temp\cc0cM4WY.s 			page 14


 583 0037 04       		.uleb128 0x4
 584 0038 01       		.byte	0x1
 585 0039 0B       		.uleb128 0xb
 586 003a 0B       		.uleb128 0xb
 587 003b 3A       		.uleb128 0x3a
 588 003c 0B       		.uleb128 0xb
 589 003d 3B       		.uleb128 0x3b
 590 003e 05       		.uleb128 0x5
 591 003f 01       		.uleb128 0x1
 592 0040 13       		.uleb128 0x13
 593 0041 00       		.byte	0
 594 0042 00       		.byte	0
 595 0043 06       		.uleb128 0x6
 596 0044 28       		.uleb128 0x28
 597 0045 00       		.byte	0
 598 0046 03       		.uleb128 0x3
 599 0047 0E       		.uleb128 0xe
 600 0048 1C       		.uleb128 0x1c
 601 0049 0D       		.uleb128 0xd
 602 004a 00       		.byte	0
 603 004b 00       		.byte	0
 604 004c 07       		.uleb128 0x7
 605 004d 2E       		.uleb128 0x2e
 606 004e 01       		.byte	0x1
 607 004f 3F       		.uleb128 0x3f
 608 0050 19       		.uleb128 0x19
 609 0051 03       		.uleb128 0x3
 610 0052 0E       		.uleb128 0xe
 611 0053 3A       		.uleb128 0x3a
 612 0054 0B       		.uleb128 0xb
 613 0055 3B       		.uleb128 0x3b
 614 0056 0B       		.uleb128 0xb
 615 0057 27       		.uleb128 0x27
 616 0058 19       		.uleb128 0x19
 617 0059 11       		.uleb128 0x11
 618 005a 01       		.uleb128 0x1
 619 005b 12       		.uleb128 0x12
 620 005c 06       		.uleb128 0x6
 621 005d 40       		.uleb128 0x40
 622 005e 18       		.uleb128 0x18
 623 005f 9642     		.uleb128 0x2116
 624 0061 19       		.uleb128 0x19
 625 0062 01       		.uleb128 0x1
 626 0063 13       		.uleb128 0x13
 627 0064 00       		.byte	0
 628 0065 00       		.byte	0
 629 0066 08       		.uleb128 0x8
 630 0067 34       		.uleb128 0x34
 631 0068 00       		.byte	0
 632 0069 03       		.uleb128 0x3
 633 006a 0E       		.uleb128 0xe
 634 006b 3A       		.uleb128 0x3a
 635 006c 0B       		.uleb128 0xb
 636 006d 3B       		.uleb128 0x3b
 637 006e 0B       		.uleb128 0xb
 638 006f 49       		.uleb128 0x49
 639 0070 13       		.uleb128 0x13
ARM GAS  C:\Users\Rohit\AppData\Local\Temp\cc0cM4WY.s 			page 15


 640 0071 02       		.uleb128 0x2
 641 0072 18       		.uleb128 0x18
 642 0073 00       		.byte	0
 643 0074 00       		.byte	0
 644 0075 09       		.uleb128 0x9
 645 0076 34       		.uleb128 0x34
 646 0077 00       		.byte	0
 647 0078 03       		.uleb128 0x3
 648 0079 0E       		.uleb128 0xe
 649 007a 3A       		.uleb128 0x3a
 650 007b 0B       		.uleb128 0xb
 651 007c 3B       		.uleb128 0x3b
 652 007d 0B       		.uleb128 0xb
 653 007e 49       		.uleb128 0x49
 654 007f 13       		.uleb128 0x13
 655 0080 3F       		.uleb128 0x3f
 656 0081 19       		.uleb128 0x19
 657 0082 02       		.uleb128 0x2
 658 0083 18       		.uleb128 0x18
 659 0084 00       		.byte	0
 660 0085 00       		.byte	0
 661 0086 00       		.byte	0
 662              		.section	.debug_aranges,"",%progbits
 663 0000 1C000000 		.4byte	0x1c
 664 0004 0200     		.2byte	0x2
 665 0006 00000000 		.4byte	.Ldebug_info0
 666 000a 04       		.byte	0x4
 667 000b 00       		.byte	0
 668 000c 0000     		.2byte	0
 669 000e 0000     		.2byte	0
 670 0010 00000000 		.4byte	.LFB37
 671 0014 B0000000 		.4byte	.LFE37-.LFB37
 672 0018 00000000 		.4byte	0
 673 001c 00000000 		.4byte	0
 674              		.section	.debug_ranges,"",%progbits
 675              	.Ldebug_ranges0:
 676 0000 00000000 		.4byte	.LFB37
 677 0004 B0000000 		.4byte	.LFE37
 678 0008 00000000 		.4byte	0
 679 000c 00000000 		.4byte	0
 680              		.section	.debug_line,"",%progbits
 681              	.Ldebug_line0:
 682 0000 8A000000 		.section	.debug_str,"MS",%progbits,1
 682      02006100 
 682      00000201 
 682      FB0E0D00 
 682      01010101 
 683              	.LASF25:
 684 0000 4359424C 		.ascii	"CYBLE_EVT_GAP_PASSKEY_ENTRY_REQUEST\000"
 684      455F4556 
 684      545F4741 
 684      505F5041 
 684      53534B45 
 685              	.LASF56:
 686 0024 4359424C 		.ascii	"CYBLE_EVT_GATTC_WRITE_RSP\000"
 686      455F4556 
 686      545F4741 
ARM GAS  C:\Users\Rohit\AppData\Local\Temp\cc0cM4WY.s 			page 16


 686      5454435F 
 686      57524954 
 687              	.LASF22:
 688 003e 4359424C 		.ascii	"CYBLE_EVT_MEMORY_REQUEST\000"
 688      455F4556 
 688      545F4D45 
 688      4D4F5259 
 688      5F524551 
 689              	.LASF43:
 690 0057 4359424C 		.ascii	"CYBLE_EVT_GATTC_ERROR_RSP\000"
 690      455F4556 
 690      545F4741 
 690      5454435F 
 690      4552524F 
 691              	.LASF92:
 692 0071 50726F63 		.ascii	"ProcessHeartRateSignal\000"
 692      65737348 
 692      65617274 
 692      52617465 
 692      5369676E 
 693              	.LASF37:
 694 0088 4359424C 		.ascii	"CYBLE_EVT_GAP_KEYPRESS_NOTIFICATION\000"
 694      455F4556 
 694      545F4741 
 694      505F4B45 
 694      59505245 
 695              	.LASF2:
 696 00ac 73686F72 		.ascii	"short int\000"
 696      7420696E 
 696      7400
 697              	.LASF28:
 698 00b6 4359424C 		.ascii	"CYBLE_EVT_GAP_AUTH_FAILED\000"
 698      455F4556 
 698      545F4741 
 698      505F4155 
 698      54485F46 
 699              	.LASF15:
 700 00d0 73697A65 		.ascii	"sizetype\000"
 700      74797065 
 700      00
 701              	.LASF39:
 702 00d9 4359424C 		.ascii	"CYBLE_EVT_GAP_DATA_LENGTH_CHANGE\000"
 702      455F4556 
 702      545F4741 
 702      505F4441 
 702      54415F4C 
 703              	.LASF6:
 704 00fa 6C6F6E67 		.ascii	"long long int\000"
 704      206C6F6E 
 704      6720696E 
 704      7400
 705              	.LASF91:
 706 0108 433A5C55 		.ascii	"C:\\Users\\Rohit\\Documents\\ALL DESKTOP JUNK\\9047"
 706      73657273 
 706      5C526F68 
 706      69745C44 
 706      6F63756D 
ARM GAS  C:\Users\Rohit\AppData\Local\Temp\cc0cM4WY.s 			page 17


 707 0136 2D2D2D4C 		.ascii	"---Lab-2---group-7.cydsn\000"
 707      61622D32 
 707      2D2D2D67 
 707      726F7570 
 707      2D372E63 
 708              	.LASF20:
 709 014f 4359424C 		.ascii	"CYBLE_EVT_HCI_STATUS\000"
 709      455F4556 
 709      545F4843 
 709      495F5354 
 709      41545553 
 710              	.LASF49:
 711 0164 4359424C 		.ascii	"CYBLE_EVT_GATTC_READ_BY_TYPE_RSP\000"
 711      455F4556 
 711      545F4741 
 711      5454435F 
 711      52454144 
 712              	.LASF17:
 713 0185 4359424C 		.ascii	"CYBLE_EVT_STACK_ON\000"
 713      455F4556 
 713      545F5354 
 713      41434B5F 
 713      4F4E00
 714              	.LASF46:
 715 0198 4359424C 		.ascii	"CYBLE_EVT_GATTS_XCNHG_MTU_REQ\000"
 715      455F4556 
 715      545F4741 
 715      5454535F 
 715      58434E48 
 716              	.LASF83:
 717 01b6 66697273 		.ascii	"firstTime\000"
 717      7454696D 
 717      6500
 718              	.LASF11:
 719 01c0 696E7431 		.ascii	"int16\000"
 719      3600
 720              	.LASF35:
 721 01c6 4359424C 		.ascii	"CYBLE_EVT_GAP_KEYINFO_EXCHNGE_CMPLT\000"
 721      455F4556 
 721      545F4741 
 721      505F4B45 
 721      59494E46 
 722              	.LASF54:
 723 01ea 4359424C 		.ascii	"CYBLE_EVT_GATTC_READ_MULTI_RSP\000"
 723      455F4556 
 723      545F4741 
 723      5454435F 
 723      52454144 
 724              	.LASF63:
 725 0209 4359424C 		.ascii	"CYBLE_EVT_GATTS_HANDLE_VALUE_CNF\000"
 725      455F4556 
 725      545F4741 
 725      5454535F 
 725      48414E44 
 726              	.LASF16:
 727 022a 4359424C 		.ascii	"CYBLE_EVT_HOST_INVALID\000"
 727      455F4556 
ARM GAS  C:\Users\Rohit\AppData\Local\Temp\cc0cM4WY.s 			page 18


 727      545F484F 
 727      53545F49 
 727      4E56414C 
 728              	.LASF71:
 729 0241 4359424C 		.ascii	"CYBLE_EVT_L2CAP_CBFC_CONN_IND\000"
 729      455F4556 
 729      545F4C32 
 729      4341505F 
 729      43424643 
 730              	.LASF74:
 731 025f 4359424C 		.ascii	"CYBLE_EVT_L2CAP_CBFC_DISCONN_CNF\000"
 731      455F4556 
 731      545F4C32 
 731      4341505F 
 731      43424643 
 732              	.LASF12:
 733 0280 666C6F61 		.ascii	"float\000"
 733      7400
 734              	.LASF52:
 735 0286 4359424C 		.ascii	"CYBLE_EVT_GATTC_READ_RSP\000"
 735      455F4556 
 735      545F4741 
 735      5454435F 
 735      52454144 
 736              	.LASF36:
 737 029f 4359424C 		.ascii	"CYBLE_EVT_GAP_NUMERIC_COMPARISON_REQUEST\000"
 737      455F4556 
 737      545F4741 
 737      505F4E55 
 737      4D455249 
 738              	.LASF41:
 739 02c8 4359424C 		.ascii	"CYBLE_EVT_GAPC_DIRECT_ADV_REPORT\000"
 739      455F4556 
 739      545F4741 
 739      50435F44 
 739      49524543 
 740              	.LASF7:
 741 02e9 6C6F6E67 		.ascii	"long long unsigned int\000"
 741      206C6F6E 
 741      6720756E 
 741      7369676E 
 741      65642069 
 742              	.LASF4:
 743 0300 6C6F6E67 		.ascii	"long int\000"
 743      20696E74 
 743      00
 744              	.LASF62:
 745 0309 4359424C 		.ascii	"CYBLE_EVT_GATTC_HANDLE_VALUE_IND\000"
 745      455F4556 
 745      545F4741 
 745      5454435F 
 745      48414E44 
 746              	.LASF66:
 747 032a 4359424C 		.ascii	"CYBLE_EVT_GATTS_READ_CHAR_VAL_ACCESS_REQ\000"
 747      455F4556 
 747      545F4741 
 747      5454535F 
ARM GAS  C:\Users\Rohit\AppData\Local\Temp\cc0cM4WY.s 			page 19


 747      52454144 
 748              	.LASF93:
 749 0353 68656172 		.ascii	"heartRate\000"
 749      74526174 
 749      6500
 750              	.LASF30:
 751 035d 4359424C 		.ascii	"CYBLE_EVT_GAP_DEVICE_CONNECTED\000"
 751      455F4556 
 751      545F4741 
 751      505F4445 
 751      56494345 
 752              	.LASF29:
 753 037c 4359424C 		.ascii	"CYBLE_EVT_GAPP_ADVERTISEMENT_START_STOP\000"
 753      455F4556 
 753      545F4741 
 753      50505F41 
 753      44564552 
 754              	.LASF61:
 755 03a4 4359424C 		.ascii	"CYBLE_EVT_GATTC_HANDLE_VALUE_NTF\000"
 755      455F4556 
 755      545F4741 
 755      5454435F 
 755      48414E44 
 756              	.LASF21:
 757 03c5 4359424C 		.ascii	"CYBLE_EVT_STACK_BUSY_STATUS\000"
 757      455F4556 
 757      545F5354 
 757      41434B5F 
 757      42555359 
 758              	.LASF26:
 759 03e1 4359424C 		.ascii	"CYBLE_EVT_GAP_PASSKEY_DISPLAY_REQUEST\000"
 759      455F4556 
 759      545F4741 
 759      505F5041 
 759      53534B45 
 760              	.LASF72:
 761 0407 4359424C 		.ascii	"CYBLE_EVT_L2CAP_CBFC_CONN_CNF\000"
 761      455F4556 
 761      545F4C32 
 761      4341505F 
 761      43424643 
 762              	.LASF40:
 763 0425 4359424C 		.ascii	"CYBLE_EVT_GAP_ENHANCE_CONN_COMPLETE\000"
 763      455F4556 
 763      545F4741 
 763      505F454E 
 763      48414E43 
 764              	.LASF9:
 765 0449 75696E74 		.ascii	"uint8\000"
 765      3800
 766              	.LASF85:
 767 044f 6E657742 		.ascii	"newBeatTime\000"
 767      65617454 
 767      696D6500 
 768              	.LASF68:
 769 045b 4359424C 		.ascii	"CYBLE_EVT_L2CAP_CONN_PARAM_UPDATE_REQ\000"
 769      455F4556 
ARM GAS  C:\Users\Rohit\AppData\Local\Temp\cc0cM4WY.s 			page 20


 769      545F4C32 
 769      4341505F 
 769      434F4E4E 
 770              	.LASF1:
 771 0481 756E7369 		.ascii	"unsigned char\000"
 771      676E6564 
 771      20636861 
 771      7200
 772              	.LASF58:
 773 048f 4359424C 		.ascii	"CYBLE_EVT_GATTS_PREP_WRITE_REQ\000"
 773      455F4556 
 773      545F4741 
 773      5454535F 
 773      50524550 
 774              	.LASF80:
 775 04ae 4359424C 		.ascii	"CYBLE_EVT_LE_PING_AUTH_TIMEOUT\000"
 775      455F4556 
 775      545F4C45 
 775      5F50494E 
 775      475F4155 
 776              	.LASF82:
 777 04cd 6E657742 		.ascii	"newBeat\000"
 777      65617400 
 778              	.LASF50:
 779 04d5 4359424C 		.ascii	"CYBLE_EVT_GATTC_FIND_INFO_RSP\000"
 779      455F4556 
 779      545F4741 
 779      5454435F 
 779      46494E44 
 780              	.LASF0:
 781 04f3 7369676E 		.ascii	"signed char\000"
 781      65642063 
 781      68617200 
 782              	.LASF55:
 783 04ff 4359424C 		.ascii	"CYBLE_EVT_GATTS_WRITE_REQ\000"
 783      455F4556 
 783      545F4741 
 783      5454535F 
 783      57524954 
 784              	.LASF51:
 785 0519 4359424C 		.ascii	"CYBLE_EVT_GATTC_FIND_BY_TYPE_VALUE_RSP\000"
 785      455F4556 
 785      545F4741 
 785      5454435F 
 785      46494E44 
 786              	.LASF27:
 787 0540 4359424C 		.ascii	"CYBLE_EVT_GAP_AUTH_COMPLETE\000"
 787      455F4556 
 787      545F4741 
 787      505F4155 
 787      54485F43 
 788              	.LASF8:
 789 055c 756E7369 		.ascii	"unsigned int\000"
 789      676E6564 
 789      20696E74 
 789      00
 790              	.LASF44:
ARM GAS  C:\Users\Rohit\AppData\Local\Temp\cc0cM4WY.s 			page 21


 791 0569 4359424C 		.ascii	"CYBLE_EVT_GATT_CONNECT_IND\000"
 791      455F4556 
 791      545F4741 
 791      54545F43 
 791      4F4E4E45 
 792              	.LASF5:
 793 0584 6C6F6E67 		.ascii	"long unsigned int\000"
 793      20756E73 
 793      69676E65 
 793      6420696E 
 793      7400
 794              	.LASF24:
 795 0596 4359424C 		.ascii	"CYBLE_EVT_GAP_AUTH_REQ\000"
 795      455F4556 
 795      545F4741 
 795      505F4155 
 795      54485F52 
 796              	.LASF73:
 797 05ad 4359424C 		.ascii	"CYBLE_EVT_L2CAP_CBFC_DISCONN_IND\000"
 797      455F4556 
 797      545F4C32 
 797      4341505F 
 797      43424643 
 798              	.LASF32:
 799 05ce 4359424C 		.ascii	"CYBLE_EVT_GAP_ENCRYPT_CHANGE\000"
 799      455F4556 
 799      545F4741 
 799      505F454E 
 799      43525950 
 800              	.LASF67:
 801 05eb 4359424C 		.ascii	"CYBLE_EVT_GATTC_LONG_PROCEDURE_END\000"
 801      455F4556 
 801      545F4741 
 801      5454435F 
 801      4C4F4E47 
 802              	.LASF90:
 803 060e 2E5C4865 		.ascii	".\\HeartRateProcessing.c\000"
 803      61727452 
 803      61746550 
 803      726F6365 
 803      7373696E 
 804              	.LASF33:
 805 0626 4359424C 		.ascii	"CYBLE_EVT_GAP_CONNECTION_UPDATE_COMPLETE\000"
 805      455F4556 
 805      545F4741 
 805      505F434F 
 805      4E4E4543 
 806              	.LASF42:
 807 064f 4359424C 		.ascii	"CYBLE_EVT_GAP_SMP_NEGOTIATED_AUTH_INFO\000"
 807      455F4556 
 807      545F4741 
 807      505F534D 
 807      505F4E45 
 808              	.LASF84:
 809 0676 70726576 		.ascii	"previousBeatTime\000"
 809      696F7573 
 809      42656174 
ARM GAS  C:\Users\Rohit\AppData\Local\Temp\cc0cM4WY.s 			page 22


 809      54696D65 
 809      00
 810              	.LASF14:
 811 0687 63686172 		.ascii	"char\000"
 811      00
 812              	.LASF89:
 813 068c 474E5520 		.ascii	"GNU C 4.9.3 20150303 (release) [ARM/embedded-4_9-br"
 813      4320342E 
 813      392E3320 
 813      32303135 
 813      30333033 
 814 06bf 616E6368 		.ascii	"anch revision 221220] -mcpu=cortex-m0 -mthumb -g -O"
 814      20726576 
 814      6973696F 
 814      6E203232 
 814      31323230 
 815 06f2 30202D66 		.ascii	"0 -ffunction-sections -ffat-lto-objects\000"
 815      66756E63 
 815      74696F6E 
 815      2D736563 
 815      74696F6E 
 816              	.LASF70:
 817 071a 4359424C 		.ascii	"CYBLE_EVT_L2CAP_COMMAND_REJ\000"
 817      455F4556 
 817      545F4C32 
 817      4341505F 
 817      434F4D4D 
 818              	.LASF3:
 819 0736 73686F72 		.ascii	"short unsigned int\000"
 819      7420756E 
 819      7369676E 
 819      65642069 
 819      6E7400
 820              	.LASF88:
 821 0749 5F426F6F 		.ascii	"_Bool\000"
 821      6C00
 822              	.LASF53:
 823 074f 4359424C 		.ascii	"CYBLE_EVT_GATTC_READ_BLOB_RSP\000"
 823      455F4556 
 823      545F4741 
 823      5454435F 
 823      52454144 
 824              	.LASF60:
 825 076d 4359424C 		.ascii	"CYBLE_EVT_GATTC_EXEC_WRITE_RSP\000"
 825      455F4556 
 825      545F4741 
 825      5454435F 
 825      45584543 
 826              	.LASF10:
 827 078c 75696E74 		.ascii	"uint32\000"
 827      333200
 828              	.LASF79:
 829 0793 4359424C 		.ascii	"CYBLE_EVT_PENDING_FLASH_WRITE\000"
 829      455F4556 
 829      545F5045 
 829      4E44494E 
 829      475F464C 
ARM GAS  C:\Users\Rohit\AppData\Local\Temp\cc0cM4WY.s 			page 23


 830              	.LASF76:
 831 07b1 4359424C 		.ascii	"CYBLE_EVT_L2CAP_CBFC_RX_CREDIT_IND\000"
 831      455F4556 
 831      545F4C32 
 831      4341505F 
 831      43424643 
 832              	.LASF13:
 833 07d4 646F7562 		.ascii	"double\000"
 833      6C6500
 834              	.LASF87:
 835 07db 74776F53 		.ascii	"twoSampleTime\000"
 835      616D706C 
 835      6554696D 
 835      6500
 836              	.LASF77:
 837 07e9 4359424C 		.ascii	"CYBLE_EVT_L2CAP_CBFC_TX_CREDIT_IND\000"
 837      455F4556 
 837      545F4C32 
 837      4341505F 
 837      43424643 
 838              	.LASF19:
 839 080c 4359424C 		.ascii	"CYBLE_EVT_HARDWARE_ERROR\000"
 839      455F4556 
 839      545F4841 
 839      52445741 
 839      52455F45 
 840              	.LASF75:
 841 0825 4359424C 		.ascii	"CYBLE_EVT_L2CAP_CBFC_DATA_READ\000"
 841      455F4556 
 841      545F4C32 
 841      4341505F 
 841      43424643 
 842              	.LASF69:
 843 0844 4359424C 		.ascii	"CYBLE_EVT_L2CAP_CONN_PARAM_UPDATE_RSP\000"
 843      455F4556 
 843      545F4C32 
 843      4341505F 
 843      434F4E4E 
 844              	.LASF23:
 845 086a 4359424C 		.ascii	"CYBLE_EVT_GAPC_SCAN_PROGRESS_RESULT\000"
 845      455F4556 
 845      545F4741 
 845      50435F53 
 845      43414E5F 
 846              	.LASF48:
 847 088e 4359424C 		.ascii	"CYBLE_EVT_GATTC_READ_BY_GROUP_TYPE_RSP\000"
 847      455F4556 
 847      545F4741 
 847      5454435F 
 847      52454144 
 848              	.LASF57:
 849 08b5 4359424C 		.ascii	"CYBLE_EVT_GATTS_WRITE_CMD_REQ\000"
 849      455F4556 
 849      545F4741 
 849      5454535F 
 849      57524954 
 850              	.LASF47:
ARM GAS  C:\Users\Rohit\AppData\Local\Temp\cc0cM4WY.s 			page 24


 851 08d3 4359424C 		.ascii	"CYBLE_EVT_GATTC_XCHNG_MTU_RSP\000"
 851      455F4556 
 851      545F4741 
 851      5454435F 
 851      5843484E 
 852              	.LASF18:
 853 08f1 4359424C 		.ascii	"CYBLE_EVT_TIMEOUT\000"
 853      455F4556 
 853      545F5449 
 853      4D454F55 
 853      5400
 854              	.LASF78:
 855 0903 4359424C 		.ascii	"CYBLE_EVT_L2CAP_CBFC_DATA_WRITE_IND\000"
 855      455F4556 
 855      545F4C32 
 855      4341505F 
 855      43424643 
 856              	.LASF34:
 857 0927 4359424C 		.ascii	"CYBLE_EVT_GAPC_SCAN_START_STOP\000"
 857      455F4556 
 857      545F4741 
 857      50435F53 
 857      43414E5F 
 858              	.LASF81:
 859 0946 4359424C 		.ascii	"CYBLE_EVT_MAX\000"
 859      455F4556 
 859      545F4D41 
 859      5800
 860              	.LASF86:
 861 0954 6164634F 		.ascii	"adcOut\000"
 861      757400
 862              	.LASF65:
 863 095b 4359424C 		.ascii	"CYBLE_EVT_GATTC_STOP_CMD_COMPLETE\000"
 863      455F4556 
 863      545F4741 
 863      5454435F 
 863      53544F50 
 864              	.LASF59:
 865 097d 4359424C 		.ascii	"CYBLE_EVT_GATTS_EXEC_WRITE_REQ\000"
 865      455F4556 
 865      545F4741 
 865      5454535F 
 865      45584543 
 866              	.LASF31:
 867 099c 4359424C 		.ascii	"CYBLE_EVT_GAP_DEVICE_DISCONNECTED\000"
 867      455F4556 
 867      545F4741 
 867      505F4445 
 867      56494345 
 868              	.LASF64:
 869 09be 4359424C 		.ascii	"CYBLE_EVT_GATTS_DATA_SIGNED_CMD_REQ\000"
 869      455F4556 
 869      545F4741 
 869      5454535F 
 869      44415441 
 870              	.LASF45:
 871 09e2 4359424C 		.ascii	"CYBLE_EVT_GATT_DISCONNECT_IND\000"
ARM GAS  C:\Users\Rohit\AppData\Local\Temp\cc0cM4WY.s 			page 25


 871      455F4556 
 871      545F4741 
 871      54545F44 
 871      4953434F 
 872              	.LASF38:
 873 0a00 4359424C 		.ascii	"CYBLE_EVT_GAP_OOB_GENERATED_NOTIFICATION\000"
 873      455F4556 
 873      545F4741 
 873      505F4F4F 
 873      425F4745 
 874              		.ident	"GCC: (GNU Tools for ARM Embedded Processors) 4.9.3 20150303 (release) [ARM/embedded-4_9-br
