ARM GAS  C:\Users\Rohit\AppData\Local\Temp\cc2Hb6Lb.s 			page 1


   1              		.cpu cortex-m0
   2              		.fpu softvfp
   3              		.eabi_attribute 20, 1
   4              		.eabi_attribute 21, 1
   5              		.eabi_attribute 23, 3
   6              		.eabi_attribute 24, 1
   7              		.eabi_attribute 25, 1
   8              		.eabi_attribute 26, 1
   9              		.eabi_attribute 30, 6
  10              		.eabi_attribute 34, 0
  11              		.eabi_attribute 18, 4
  12              		.code	16
  13              		.file	"WatchdogTimer.c"
  14              		.text
  15              	.Ltext0:
  16              		.cfi_sections	.debug_frame
  17              		.bss
  18              		.align	2
  19              	watchdogTimestamp:
  20 0000 00000000 		.space	4
  21              		.section	.text.WatchdogTimer_Isr,"ax",%progbits
  22              		.align	2
  23              		.global	WatchdogTimer_Isr
  24              		.code	16
  25              		.thumb_func
  26              		.type	WatchdogTimer_Isr, %function
  27              	WatchdogTimer_Isr:
  28              	.LFB37:
  29              		.file 1 ".\\WatchdogTimer.c"
   1:.\WatchdogTimer.c **** /*****************************************************************************
   2:.\WatchdogTimer.c **** * File Name: WatchdogTimer.c
   3:.\WatchdogTimer.c **** *
   4:.\WatchdogTimer.c **** * Version: 1.0
   5:.\WatchdogTimer.c **** *
   6:.\WatchdogTimer.c **** * Description:
   7:.\WatchdogTimer.c **** * This file defines the watchdog timer functionality for this lab session in 
   8:.\WatchdogTimer.c **** * the PSoC 4 BLE Lab 3.
   9:.\WatchdogTimer.c **** *
  10:.\WatchdogTimer.c **** * Hardware Dependency:
  11:.\WatchdogTimer.c **** * CY8CKIT-042 BLE Pioneer Kit
  12:.\WatchdogTimer.c **** *
  13:.\WatchdogTimer.c **** ******************************************************************************
  14:.\WatchdogTimer.c **** * Copyright (2014), Cypress Semiconductor Corporation.
  15:.\WatchdogTimer.c **** ******************************************************************************
  16:.\WatchdogTimer.c **** * This software is owned by Cypress Semiconductor Corporation (Cypress) and is
  17:.\WatchdogTimer.c **** * protected by and subject to worldwide patent protection (United States and
  18:.\WatchdogTimer.c **** * foreign), United States copyright laws and international treaty provisions.
  19:.\WatchdogTimer.c **** * Cypress hereby grants to licensee a personal, non-exclusive, non-transferable
  20:.\WatchdogTimer.c **** * license to copy, use, modify, create derivative works of, and compile the
  21:.\WatchdogTimer.c **** * Cypress Source Code and derivative works for the sole purpose of creating
  22:.\WatchdogTimer.c **** * custom software in support of licensee product to be used only in conjunction
  23:.\WatchdogTimer.c **** * with a Cypress integrated circuit as specified in the applicable agreement.
  24:.\WatchdogTimer.c **** * Any reproduction, modification, translation, compilation, or representation of
  25:.\WatchdogTimer.c **** * this software except as specified above is prohibited without the express
  26:.\WatchdogTimer.c **** * written permission of Cypress.
  27:.\WatchdogTimer.c **** *
  28:.\WatchdogTimer.c **** * Disclaimer: CYPRESS MAKES NO WARRANTY OF ANY KIND, EXPRESS OR IMPLIED, WITH
ARM GAS  C:\Users\Rohit\AppData\Local\Temp\cc2Hb6Lb.s 			page 2


  29:.\WatchdogTimer.c **** * REGARD TO THIS MATERIAL, INCLUDING, BUT NOT LIMITED TO, THE IMPLIED
  30:.\WatchdogTimer.c **** * WARRANTIES OF MERCHANTABILITY AND FITNESS FOR A PARTICULAR PURPOSE.
  31:.\WatchdogTimer.c **** * Cypress reserves the right to make changes without further notice to the
  32:.\WatchdogTimer.c **** * materials described herein. Cypress does not assume any liability arising out
  33:.\WatchdogTimer.c **** * of the application or use of any product or circuit described herein. Cypress
  34:.\WatchdogTimer.c **** * does not authorize its products for use as critical components in life-support
  35:.\WatchdogTimer.c **** * systems where a malfunction or failure may reasonably be expected to result in
  36:.\WatchdogTimer.c **** * significant injury to the user. The inclusion of Cypress' product in a life-
  37:.\WatchdogTimer.c **** * support systems application implies that the manufacturer assumes all risk of
  38:.\WatchdogTimer.c **** * such use and in doing so indemnifies Cypress against all charges. Use may be
  39:.\WatchdogTimer.c **** * limited by and subject to the applicable Cypress software license agreement.
  40:.\WatchdogTimer.c **** *****************************************************************************/
  41:.\WatchdogTimer.c **** 
  42:.\WatchdogTimer.c **** 
  43:.\WatchdogTimer.c **** /*****************************************************************************
  44:.\WatchdogTimer.c **** * Included headers
  45:.\WatchdogTimer.c **** *****************************************************************************/
  46:.\WatchdogTimer.c **** #include <project.h>
  47:.\WatchdogTimer.c **** 
  48:.\WatchdogTimer.c **** 
  49:.\WatchdogTimer.c **** /*****************************************************************************
  50:.\WatchdogTimer.c **** * Macros and constants
  51:.\WatchdogTimer.c **** *****************************************************************************/
  52:.\WatchdogTimer.c **** #define WDT_PERIOD_MS               (10)
  53:.\WatchdogTimer.c **** #define WDT_TICKS_PER_MS            (32)
  54:.\WatchdogTimer.c **** #define WDT_TICKS                   (WDT_PERIOD_MS * WDT_TICKS_PER_MS)
  55:.\WatchdogTimer.c **** #define WDT_INTERRUPT_NUM           (8)
  56:.\WatchdogTimer.c **** 
  57:.\WatchdogTimer.c **** 
  58:.\WatchdogTimer.c **** /*****************************************************************************
  59:.\WatchdogTimer.c **** * Static variables
  60:.\WatchdogTimer.c **** *****************************************************************************/
  61:.\WatchdogTimer.c **** static uint32 watchdogTimestamp = 0;
  62:.\WatchdogTimer.c **** 
  63:.\WatchdogTimer.c **** 
  64:.\WatchdogTimer.c **** /*****************************************************************************
  65:.\WatchdogTimer.c **** * Public function definitions
  66:.\WatchdogTimer.c **** *****************************************************************************/
  67:.\WatchdogTimer.c **** 
  68:.\WatchdogTimer.c **** /*****************************************************************************
  69:.\WatchdogTimer.c **** * Function Name: WatchdogTimer_Isr
  70:.\WatchdogTimer.c **** ******************************************************************************
  71:.\WatchdogTimer.c **** * Summary:
  72:.\WatchdogTimer.c **** * Interrupt service routine for the watchdog timer.
  73:.\WatchdogTimer.c **** *
  74:.\WatchdogTimer.c **** * Parameters:
  75:.\WatchdogTimer.c **** * None
  76:.\WatchdogTimer.c **** *
  77:.\WatchdogTimer.c **** * Return:
  78:.\WatchdogTimer.c **** * None
  79:.\WatchdogTimer.c **** *
  80:.\WatchdogTimer.c **** * Theory:
  81:.\WatchdogTimer.c **** * The ISR increments the system timestamp by the watchdog timer period. It 
  82:.\WatchdogTimer.c **** * then clears the WDT interrupt.
  83:.\WatchdogTimer.c **** *
  84:.\WatchdogTimer.c **** * Side Effects:
  85:.\WatchdogTimer.c **** * None
ARM GAS  C:\Users\Rohit\AppData\Local\Temp\cc2Hb6Lb.s 			page 3


  86:.\WatchdogTimer.c **** *
  87:.\WatchdogTimer.c **** *****************************************************************************/
  88:.\WatchdogTimer.c **** CY_ISR(WatchdogTimer_Isr)
  89:.\WatchdogTimer.c **** {
  30              		.loc 1 89 0
  31              		.cfi_startproc
  32 0000 80B5     		push	{r7, lr}
  33              		.cfi_def_cfa_offset 8
  34              		.cfi_offset 7, -8
  35              		.cfi_offset 14, -4
  36 0002 00AF     		add	r7, sp, #0
  37              		.cfi_def_cfa_register 7
  90:.\WatchdogTimer.c ****     /* Update the system timestamp - the watchdog period time has elapsed
  91:.\WatchdogTimer.c ****      * since the last interrupt.
  92:.\WatchdogTimer.c ****      */
  93:.\WatchdogTimer.c ****     watchdogTimestamp += WDT_PERIOD_MS;
  38              		.loc 1 93 0
  39 0004 054B     		ldr	r3, .L2
  40 0006 1B68     		ldr	r3, [r3]
  41 0008 0A33     		add	r3, r3, #10
  42 000a 1A1C     		mov	r2, r3
  43 000c 034B     		ldr	r3, .L2
  44 000e 1A60     		str	r2, [r3]
  94:.\WatchdogTimer.c ****     
  95:.\WatchdogTimer.c ****     /* Clear WDT interrupt */
  96:.\WatchdogTimer.c ****     CySysWdtClearInterrupt(CY_SYS_WDT_COUNTER0_INT);
  45              		.loc 1 96 0
  46 0010 0420     		mov	r0, #4
  47 0012 FFF7FEFF 		bl	CySysWdtClearInterrupt
  97:.\WatchdogTimer.c **** }
  48              		.loc 1 97 0
  49 0016 BD46     		mov	sp, r7
  50              		@ sp needed
  51 0018 80BD     		pop	{r7, pc}
  52              	.L3:
  53 001a C046     		.align	2
  54              	.L2:
  55 001c 00000000 		.word	watchdogTimestamp
  56              		.cfi_endproc
  57              	.LFE37:
  58              		.size	WatchdogTimer_Isr, .-WatchdogTimer_Isr
  59              		.section	.text.WatchdogTimer_Start,"ax",%progbits
  60              		.align	2
  61              		.global	WatchdogTimer_Start
  62              		.code	16
  63              		.thumb_func
  64              		.type	WatchdogTimer_Start, %function
  65              	WatchdogTimer_Start:
  66              	.LFB38:
  98:.\WatchdogTimer.c **** 
  99:.\WatchdogTimer.c **** 
 100:.\WatchdogTimer.c **** /*****************************************************************************
 101:.\WatchdogTimer.c **** * Function Name: WatchdogTimer_Start
 102:.\WatchdogTimer.c **** ******************************************************************************
 103:.\WatchdogTimer.c **** * Summary:
 104:.\WatchdogTimer.c **** * Starts the watchdog timer WDT0 to be used as the system timer. Define a 
 105:.\WatchdogTimer.c **** * system timestamp variable to be updated on every watchdog interrupt.
ARM GAS  C:\Users\Rohit\AppData\Local\Temp\cc2Hb6Lb.s 			page 4


 106:.\WatchdogTimer.c **** *
 107:.\WatchdogTimer.c **** * Parameters:
 108:.\WatchdogTimer.c **** * None
 109:.\WatchdogTimer.c **** *
 110:.\WatchdogTimer.c **** * Return:
 111:.\WatchdogTimer.c **** * None
 112:.\WatchdogTimer.c **** *
 113:.\WatchdogTimer.c **** * Theory:
 114:.\WatchdogTimer.c **** * The function uses the watchdog timer WDT0 of the chip. It configures the 
 115:.\WatchdogTimer.c **** * timer to fire an interrupt upon match. The periodic interrupt updates the 
 116:.\WatchdogTimer.c **** * system timestamp variable which is used to keep track of the system activity.
 117:.\WatchdogTimer.c **** * The timer is configured for clear on match i.e. the WDT counter is reset to
 118:.\WatchdogTimer.c **** * zero upon a match event. The timer is continuously run.
 119:.\WatchdogTimer.c **** *
 120:.\WatchdogTimer.c **** * To change the watchdog timer settings, the function needs to unlock the 
 121:.\WatchdogTimer.c **** * WDT first, and then lock it after the modification is complete.
 122:.\WatchdogTimer.c **** *
 123:.\WatchdogTimer.c **** * Side Effects:
 124:.\WatchdogTimer.c **** * None
 125:.\WatchdogTimer.c **** *
 126:.\WatchdogTimer.c **** *****************************************************************************/
 127:.\WatchdogTimer.c **** void WatchdogTimer_Start(void)
 128:.\WatchdogTimer.c **** {
  67              		.loc 1 128 0
  68              		.cfi_startproc
  69 0000 80B5     		push	{r7, lr}
  70              		.cfi_def_cfa_offset 8
  71              		.cfi_offset 7, -8
  72              		.cfi_offset 14, -4
  73 0002 00AF     		add	r7, sp, #0
  74              		.cfi_def_cfa_register 7
 129:.\WatchdogTimer.c ****     /* Set the WDT ISR */
 130:.\WatchdogTimer.c ****     CyIntSetVector(WDT_INTERRUPT_NUM, &WatchdogTimer_Isr);
  75              		.loc 1 130 0
  76 0004 0F4B     		ldr	r3, .L5
  77 0006 0820     		mov	r0, #8
  78 0008 191C     		mov	r1, r3
  79 000a FFF7FEFF 		bl	CyIntSetVector
 131:.\WatchdogTimer.c ****     
 132:.\WatchdogTimer.c ****     /* Unlock the sytem watchdog timer to be able to change settings */
 133:.\WatchdogTimer.c **** 	CySysWdtUnlock();
  80              		.loc 1 133 0
  81 000e FFF7FEFF 		bl	CySysWdtUnlock
 134:.\WatchdogTimer.c ****     
 135:.\WatchdogTimer.c ****     /* Configure the watchdog timer 0 (WDT0) to fire an interrupt upon match 
 136:.\WatchdogTimer.c ****      * i.e. when the count register value equals the match register value.
 137:.\WatchdogTimer.c ****      */
 138:.\WatchdogTimer.c ****     CySysWdtWriteMode(0, CY_SYS_WDT_MODE_INT);
  82              		.loc 1 138 0
  83 0012 0020     		mov	r0, #0
  84 0014 0121     		mov	r1, #1
  85 0016 FFF7FEFF 		bl	CySysWdtSetMode
 139:.\WatchdogTimer.c ****     
 140:.\WatchdogTimer.c ****     /* WDT0 counter to be cleared upon a match event and then begin again.
 141:.\WatchdogTimer.c ****      * The timer is to be run continuously.
 142:.\WatchdogTimer.c ****      */
 143:.\WatchdogTimer.c **** 	CySysWdtWriteClearOnMatch(0, 1);
ARM GAS  C:\Users\Rohit\AppData\Local\Temp\cc2Hb6Lb.s 			page 5


  86              		.loc 1 143 0
  87 001a 0020     		mov	r0, #0
  88 001c 0121     		mov	r1, #1
  89 001e FFF7FEFF 		bl	CySysWdtSetClearOnMatch
 144:.\WatchdogTimer.c ****     
 145:.\WatchdogTimer.c ****     /* Set the value of the match register. Since the count starts from zero, 
 146:.\WatchdogTimer.c ****      * the actual value is the (intended - 1). 
 147:.\WatchdogTimer.c ****      * The match register value set here is for 10 ms interval. This is 
 148:.\WatchdogTimer.c ****      * because we want to run a main loop of 10 ms with a scan happening at 
 149:.\WatchdogTimer.c ****      * the beginning of the loop and stay in deep sleep for the rest of the
 150:.\WatchdogTimer.c ****      * time. With a scan happening every 10 ms, we can properly detect a 
 151:.\WatchdogTimer.c ****      * heart rate without missing a beat.
 152:.\WatchdogTimer.c ****      */
 153:.\WatchdogTimer.c ****     CySysWdtWriteMatch(0, WDT_TICKS - 1);
  90              		.loc 1 153 0
  91 0022 4023     		mov	r3, #64
  92 0024 FF33     		add	r3, r3, #255
  93 0026 0020     		mov	r0, #0
  94 0028 191C     		mov	r1, r3
  95 002a FFF7FEFF 		bl	CySysWdtSetMatch
 154:.\WatchdogTimer.c ****     
 155:.\WatchdogTimer.c ****     /* Enable the WDT0 */
 156:.\WatchdogTimer.c ****     CySysWdtEnable(CY_SYS_WDT_COUNTER0_MASK);
  96              		.loc 1 156 0
  97 002e 0120     		mov	r0, #1
  98 0030 FFF7FEFF 		bl	CySysWdtEnable
 157:.\WatchdogTimer.c ****     
 158:.\WatchdogTimer.c ****     /* Enable interrupt */
 159:.\WatchdogTimer.c ****     CyIntEnable(WDT_INTERRUPT_NUM);
  99              		.loc 1 159 0
 100 0034 0820     		mov	r0, #8
 101 0036 FFF7FEFF 		bl	CyIntEnable
 160:.\WatchdogTimer.c ****     
 161:.\WatchdogTimer.c ****     /* Lock the watchdog timer to prevent future modification */
 162:.\WatchdogTimer.c **** 	CySysWdtLock();
 102              		.loc 1 162 0
 103 003a FFF7FEFF 		bl	CySysWdtLock
 163:.\WatchdogTimer.c **** }
 104              		.loc 1 163 0
 105 003e BD46     		mov	sp, r7
 106              		@ sp needed
 107 0040 80BD     		pop	{r7, pc}
 108              	.L6:
 109 0042 C046     		.align	2
 110              	.L5:
 111 0044 00000000 		.word	WatchdogTimer_Isr
 112              		.cfi_endproc
 113              	.LFE38:
 114              		.size	WatchdogTimer_Start, .-WatchdogTimer_Start
 115              		.section	.text.WatchdogTimer_GetTimestamp,"ax",%progbits
 116              		.align	2
 117              		.global	WatchdogTimer_GetTimestamp
 118              		.code	16
 119              		.thumb_func
 120              		.type	WatchdogTimer_GetTimestamp, %function
 121              	WatchdogTimer_GetTimestamp:
 122              	.LFB39:
ARM GAS  C:\Users\Rohit\AppData\Local\Temp\cc2Hb6Lb.s 			page 6


 164:.\WatchdogTimer.c **** 
 165:.\WatchdogTimer.c **** 
 166:.\WatchdogTimer.c **** /*****************************************************************************
 167:.\WatchdogTimer.c **** * Function Name: WatchdogTimer_GetTimestamp
 168:.\WatchdogTimer.c **** ******************************************************************************
 169:.\WatchdogTimer.c **** * Summary:
 170:.\WatchdogTimer.c **** * Returns the system timestamp value.
 171:.\WatchdogTimer.c **** *
 172:.\WatchdogTimer.c **** * Parameters:
 173:.\WatchdogTimer.c **** * None
 174:.\WatchdogTimer.c **** *
 175:.\WatchdogTimer.c **** * Return:
 176:.\WatchdogTimer.c **** * uint32: Current system timestamp 
 177:.\WatchdogTimer.c **** *
 178:.\WatchdogTimer.c **** * Theory:
 179:.\WatchdogTimer.c **** * The function returns the watchdog timestamp.
 180:.\WatchdogTimer.c **** *
 181:.\WatchdogTimer.c **** * Side Effects:
 182:.\WatchdogTimer.c **** * None
 183:.\WatchdogTimer.c **** *
 184:.\WatchdogTimer.c **** *****************************************************************************/
 185:.\WatchdogTimer.c **** uint32 WatchdogTimer_GetTimestamp(void)
 186:.\WatchdogTimer.c **** {
 123              		.loc 1 186 0
 124              		.cfi_startproc
 125 0000 80B5     		push	{r7, lr}
 126              		.cfi_def_cfa_offset 8
 127              		.cfi_offset 7, -8
 128              		.cfi_offset 14, -4
 129 0002 00AF     		add	r7, sp, #0
 130              		.cfi_def_cfa_register 7
 187:.\WatchdogTimer.c ****     return watchdogTimestamp;
 131              		.loc 1 187 0
 132 0004 024B     		ldr	r3, .L9
 133 0006 1B68     		ldr	r3, [r3]
 188:.\WatchdogTimer.c **** }
 134              		.loc 1 188 0
 135 0008 181C     		mov	r0, r3
 136 000a BD46     		mov	sp, r7
 137              		@ sp needed
 138 000c 80BD     		pop	{r7, pc}
 139              	.L10:
 140 000e C046     		.align	2
 141              	.L9:
 142 0010 00000000 		.word	watchdogTimestamp
 143              		.cfi_endproc
 144              	.LFE39:
 145              		.size	WatchdogTimer_GetTimestamp, .-WatchdogTimer_GetTimestamp
 146              		.text
 147              	.Letext0:
 148              		.file 2 "Generated_Source\\PSoC4/cytypes.h"
 149              		.file 3 "Generated_Source\\PSoC4/BLE_Stack.h"
 150              		.section	.debug_info,"",%progbits
 151              	.Ldebug_info0:
 152 0000 95020000 		.4byte	0x295
 153 0004 0400     		.2byte	0x4
 154 0006 00000000 		.4byte	.Ldebug_abbrev0
ARM GAS  C:\Users\Rohit\AppData\Local\Temp\cc2Hb6Lb.s 			page 7


 155 000a 04       		.byte	0x4
 156 000b 01       		.uleb128 0x1
 157 000c 41060000 		.4byte	.LASF81
 158 0010 01       		.byte	0x1
 159 0011 83000000 		.4byte	.LASF82
 160 0015 15010000 		.4byte	.LASF83
 161 0019 00000000 		.4byte	.Ldebug_ranges0+0
 162 001d 00000000 		.4byte	0
 163 0021 00000000 		.4byte	.Ldebug_line0
 164 0025 02       		.uleb128 0x2
 165 0026 01       		.byte	0x1
 166 0027 06       		.byte	0x6
 167 0028 BE040000 		.4byte	.LASF0
 168 002c 02       		.uleb128 0x2
 169 002d 01       		.byte	0x1
 170 002e 08       		.byte	0x8
 171 002f 54040000 		.4byte	.LASF1
 172 0033 02       		.uleb128 0x2
 173 0034 02       		.byte	0x2
 174 0035 05       		.byte	0x5
 175 0036 B9000000 		.4byte	.LASF2
 176 003a 02       		.uleb128 0x2
 177 003b 02       		.byte	0x2
 178 003c 07       		.byte	0x7
 179 003d D9050000 		.4byte	.LASF3
 180 0041 02       		.uleb128 0x2
 181 0042 04       		.byte	0x4
 182 0043 05       		.byte	0x5
 183 0044 FD020000 		.4byte	.LASF4
 184 0048 02       		.uleb128 0x2
 185 0049 04       		.byte	0x4
 186 004a 07       		.byte	0x7
 187 004b 4F050000 		.4byte	.LASF5
 188 004f 02       		.uleb128 0x2
 189 0050 08       		.byte	0x8
 190 0051 05       		.byte	0x5
 191 0052 07010000 		.4byte	.LASF6
 192 0056 02       		.uleb128 0x2
 193 0057 08       		.byte	0x8
 194 0058 07       		.byte	0x7
 195 0059 E6020000 		.4byte	.LASF7
 196 005d 03       		.uleb128 0x3
 197 005e 04       		.byte	0x4
 198 005f 05       		.byte	0x5
 199 0060 696E7400 		.ascii	"int\000"
 200 0064 02       		.uleb128 0x2
 201 0065 04       		.byte	0x4
 202 0066 07       		.byte	0x7
 203 0067 27050000 		.4byte	.LASF8
 204 006b 04       		.uleb128 0x4
 205 006c 28070000 		.4byte	.LASF84
 206 0070 02       		.byte	0x2
 207 0071 9A01     		.2byte	0x19a
 208 0073 48000000 		.4byte	0x48
 209 0077 02       		.uleb128 0x2
 210 0078 04       		.byte	0x4
 211 0079 04       		.byte	0x4
ARM GAS  C:\Users\Rohit\AppData\Local\Temp\cc2Hb6Lb.s 			page 8


 212 007a 7D020000 		.4byte	.LASF9
 213 007e 02       		.uleb128 0x2
 214 007f 08       		.byte	0x8
 215 0080 04       		.byte	0x4
 216 0081 70070000 		.4byte	.LASF10
 217 0085 02       		.uleb128 0x2
 218 0086 01       		.byte	0x1
 219 0087 08       		.byte	0x8
 220 0088 3C060000 		.4byte	.LASF11
 221 008c 02       		.uleb128 0x2
 222 008d 04       		.byte	0x4
 223 008e 07       		.byte	0x7
 224 008f DD000000 		.4byte	.LASF12
 225 0093 05       		.uleb128 0x5
 226 0094 01       		.byte	0x1
 227 0095 03       		.byte	0x3
 228 0096 4201     		.2byte	0x142
 229 0098 50020000 		.4byte	0x250
 230 009c 06       		.uleb128 0x6
 231 009d 27020000 		.4byte	.LASF13
 232 00a1 00       		.sleb128 0
 233 00a2 06       		.uleb128 0x6
 234 00a3 92010000 		.4byte	.LASF14
 235 00a7 01       		.sleb128 1
 236 00a8 06       		.uleb128 0x6
 237 00a9 A5080000 		.4byte	.LASF15
 238 00ad 02       		.sleb128 2
 239 00ae 06       		.uleb128 0x6
 240 00af 9A070000 		.4byte	.LASF16
 241 00b3 03       		.sleb128 3
 242 00b4 06       		.uleb128 0x6
 243 00b5 5C010000 		.4byte	.LASF17
 244 00b9 04       		.sleb128 4
 245 00ba 06       		.uleb128 0x6
 246 00bb 8F030000 		.4byte	.LASF18
 247 00bf 05       		.sleb128 5
 248 00c0 06       		.uleb128 0x6
 249 00c1 50000000 		.4byte	.LASF19
 250 00c5 06       		.sleb128 6
 251 00c6 06       		.uleb128 0x6
 252 00c7 0A080000 		.4byte	.LASF20
 253 00cb 20       		.sleb128 32
 254 00cc 06       		.uleb128 0x6
 255 00cd 61050000 		.4byte	.LASF21
 256 00d1 21       		.sleb128 33
 257 00d2 06       		.uleb128 0x6
 258 00d3 00000000 		.4byte	.LASF22
 259 00d7 22       		.sleb128 34
 260 00d8 06       		.uleb128 0x6
 261 00d9 AB030000 		.4byte	.LASF23
 262 00dd 23       		.sleb128 35
 263 00de 06       		.uleb128 0x6
 264 00df 0B050000 		.4byte	.LASF24
 265 00e3 24       		.sleb128 36
 266 00e4 06       		.uleb128 0x6
 267 00e5 C3000000 		.4byte	.LASF25
 268 00e9 25       		.sleb128 37
ARM GAS  C:\Users\Rohit\AppData\Local\Temp\cc2Hb6Lb.s 			page 9


 269 00ea 06       		.uleb128 0x6
 270 00eb 46030000 		.4byte	.LASF26
 271 00ef 26       		.sleb128 38
 272 00f0 06       		.uleb128 0x6
 273 00f1 27030000 		.4byte	.LASF27
 274 00f5 27       		.sleb128 39
 275 00f6 06       		.uleb128 0x6
 276 00f7 72090000 		.4byte	.LASF28
 277 00fb 28       		.sleb128 40
 278 00fc 06       		.uleb128 0x6
 279 00fd 99050000 		.4byte	.LASF29
 280 0101 29       		.sleb128 41
 281 0102 06       		.uleb128 0x6
 282 0103 EC050000 		.4byte	.LASF30
 283 0107 2A       		.sleb128 42
 284 0108 06       		.uleb128 0x6
 285 0109 DB080000 		.4byte	.LASF31
 286 010d 2B       		.sleb128 43
 287 010e 06       		.uleb128 0x6
 288 010f C3010000 		.4byte	.LASF32
 289 0113 2C       		.sleb128 44
 290 0114 06       		.uleb128 0x6
 291 0115 9C020000 		.4byte	.LASF33
 292 0119 2D       		.sleb128 45
 293 011a 06       		.uleb128 0x6
 294 011b 95000000 		.4byte	.LASF34
 295 011f 2E       		.sleb128 46
 296 0120 06       		.uleb128 0x6
 297 0121 D6090000 		.4byte	.LASF35
 298 0125 2F       		.sleb128 47
 299 0126 06       		.uleb128 0x6
 300 0127 E6000000 		.4byte	.LASF36
 301 012b 30       		.sleb128 48
 302 012c 06       		.uleb128 0x6
 303 012d 0A040000 		.4byte	.LASF37
 304 0131 31       		.sleb128 49
 305 0132 06       		.uleb128 0x6
 306 0133 C5020000 		.4byte	.LASF38
 307 0137 32       		.sleb128 50
 308 0138 06       		.uleb128 0x6
 309 0139 15060000 		.4byte	.LASF39
 310 013d 33       		.sleb128 51
 311 013e 06       		.uleb128 0x6
 312 013f 69000000 		.4byte	.LASF40
 313 0143 C000     		.sleb128 64
 314 0145 06       		.uleb128 0x6
 315 0146 34050000 		.4byte	.LASF41
 316 014a C100     		.sleb128 65
 317 014c 06       		.uleb128 0x6
 318 014d B8090000 		.4byte	.LASF42
 319 0151 C200     		.sleb128 66
 320 0153 06       		.uleb128 0x6
 321 0154 A5010000 		.4byte	.LASF43
 322 0158 C300     		.sleb128 67
 323 015a 06       		.uleb128 0x6
 324 015b 73080000 		.4byte	.LASF44
 325 015f C400     		.sleb128 68
ARM GAS  C:\Users\Rohit\AppData\Local\Temp\cc2Hb6Lb.s 			page 10


 326 0161 06       		.uleb128 0x6
 327 0162 2E080000 		.4byte	.LASF45
 328 0166 C500     		.sleb128 69
 329 0168 06       		.uleb128 0x6
 330 0169 71010000 		.4byte	.LASF46
 331 016d C600     		.sleb128 70
 332 016f 06       		.uleb128 0x6
 333 0170 A0040000 		.4byte	.LASF47
 334 0174 C700     		.sleb128 71
 335 0176 06       		.uleb128 0x6
 336 0177 E4040000 		.4byte	.LASF48
 337 017b C800     		.sleb128 72
 338 017d 06       		.uleb128 0x6
 339 017e 83020000 		.4byte	.LASF49
 340 0182 C900     		.sleb128 73
 341 0184 06       		.uleb128 0x6
 342 0185 EB060000 		.4byte	.LASF50
 343 0189 CA00     		.sleb128 74
 344 018b 06       		.uleb128 0x6
 345 018c E7010000 		.4byte	.LASF51
 346 0190 CB00     		.sleb128 75
 347 0192 06       		.uleb128 0x6
 348 0193 CA040000 		.4byte	.LASF52
 349 0197 CC00     		.sleb128 76
 350 0199 06       		.uleb128 0x6
 351 019a 36000000 		.4byte	.LASF53
 352 019e CD00     		.sleb128 77
 353 01a0 06       		.uleb128 0x6
 354 01a1 55080000 		.4byte	.LASF54
 355 01a5 CE00     		.sleb128 78
 356 01a7 06       		.uleb128 0x6
 357 01a8 62040000 		.4byte	.LASF55
 358 01ac CF00     		.sleb128 79
 359 01ae 06       		.uleb128 0x6
 360 01af 53090000 		.4byte	.LASF56
 361 01b3 D000     		.sleb128 80
 362 01b5 06       		.uleb128 0x6
 363 01b6 09070000 		.4byte	.LASF57
 364 01ba D100     		.sleb128 81
 365 01bc 06       		.uleb128 0x6
 366 01bd 6E030000 		.4byte	.LASF58
 367 01c1 D200     		.sleb128 82
 368 01c3 06       		.uleb128 0x6
 369 01c4 06030000 		.4byte	.LASF59
 370 01c8 D300     		.sleb128 83
 371 01ca 06       		.uleb128 0x6
 372 01cb 06020000 		.4byte	.LASF60
 373 01cf D400     		.sleb128 84
 374 01d1 06       		.uleb128 0x6
 375 01d2 94090000 		.4byte	.LASF61
 376 01d6 D500     		.sleb128 85
 377 01d8 06       		.uleb128 0x6
 378 01d9 31090000 		.4byte	.LASF62
 379 01dd D600     		.sleb128 86
 380 01df 06       		.uleb128 0x6
 381 01e0 08090000 		.4byte	.LASF63
 382 01e4 D700     		.sleb128 87
ARM GAS  C:\Users\Rohit\AppData\Local\Temp\cc2Hb6Lb.s 			page 11


 383 01e6 06       		.uleb128 0x6
 384 01e7 B6050000 		.4byte	.LASF64
 385 01eb D800     		.sleb128 88
 386 01ed 06       		.uleb128 0x6
 387 01ee 2E040000 		.4byte	.LASF65
 388 01f2 F000     		.sleb128 112
 389 01f4 06       		.uleb128 0x6
 390 01f5 D2070000 		.4byte	.LASF66
 391 01f9 F100     		.sleb128 113
 392 01fb 06       		.uleb128 0x6
 393 01fc CF060000 		.4byte	.LASF67
 394 0200 F200     		.sleb128 114
 395 0202 06       		.uleb128 0x6
 396 0203 3E020000 		.4byte	.LASF68
 397 0207 F300     		.sleb128 115
 398 0209 06       		.uleb128 0x6
 399 020a D1030000 		.4byte	.LASF69
 400 020e F400     		.sleb128 116
 401 0210 06       		.uleb128 0x6
 402 0211 78050000 		.4byte	.LASF70
 403 0215 F500     		.sleb128 117
 404 0217 06       		.uleb128 0x6
 405 0218 5C020000 		.4byte	.LASF71
 406 021c F600     		.sleb128 118
 407 021e 06       		.uleb128 0x6
 408 021f B3070000 		.4byte	.LASF72
 409 0223 F700     		.sleb128 119
 410 0225 06       		.uleb128 0x6
 411 0226 4D070000 		.4byte	.LASF73
 412 022a F800     		.sleb128 120
 413 022c 06       		.uleb128 0x6
 414 022d 77070000 		.4byte	.LASF74
 415 0231 F900     		.sleb128 121
 416 0233 06       		.uleb128 0x6
 417 0234 B7080000 		.4byte	.LASF75
 418 0238 FA00     		.sleb128 122
 419 023a 06       		.uleb128 0x6
 420 023b 2F070000 		.4byte	.LASF76
 421 023f FA01     		.sleb128 250
 422 0241 06       		.uleb128 0x6
 423 0242 81040000 		.4byte	.LASF77
 424 0246 FB01     		.sleb128 251
 425 0248 06       		.uleb128 0x6
 426 0249 FA080000 		.4byte	.LASF78
 427 024d FF01     		.sleb128 255
 428 024f 00       		.byte	0
 429 0250 07       		.uleb128 0x7
 430 0251 24000000 		.4byte	.LASF79
 431 0255 01       		.byte	0x1
 432 0256 58       		.byte	0x58
 433 0257 00000000 		.4byte	.LFB37
 434 025b 20000000 		.4byte	.LFE37-.LFB37
 435 025f 01       		.uleb128 0x1
 436 0260 9C       		.byte	0x9c
 437 0261 07       		.uleb128 0x7
 438 0262 91080000 		.4byte	.LASF80
 439 0266 01       		.byte	0x1
ARM GAS  C:\Users\Rohit\AppData\Local\Temp\cc2Hb6Lb.s 			page 12


 440 0267 7F       		.byte	0x7f
 441 0268 00000000 		.4byte	.LFB38
 442 026c 48000000 		.4byte	.LFE38-.LFB38
 443 0270 01       		.uleb128 0x1
 444 0271 9C       		.byte	0x9c
 445 0272 08       		.uleb128 0x8
 446 0273 EF030000 		.4byte	.LASF85
 447 0277 01       		.byte	0x1
 448 0278 B9       		.byte	0xb9
 449 0279 6B000000 		.4byte	0x6b
 450 027d 00000000 		.4byte	.LFB39
 451 0281 14000000 		.4byte	.LFE39-.LFB39
 452 0285 01       		.uleb128 0x1
 453 0286 9C       		.byte	0x9c
 454 0287 09       		.uleb128 0x9
 455 0288 F8070000 		.4byte	.LASF86
 456 028c 01       		.byte	0x1
 457 028d 3D       		.byte	0x3d
 458 028e 6B000000 		.4byte	0x6b
 459 0292 05       		.uleb128 0x5
 460 0293 03       		.byte	0x3
 461 0294 00000000 		.4byte	watchdogTimestamp
 462 0298 00       		.byte	0
 463              		.section	.debug_abbrev,"",%progbits
 464              	.Ldebug_abbrev0:
 465 0000 01       		.uleb128 0x1
 466 0001 11       		.uleb128 0x11
 467 0002 01       		.byte	0x1
 468 0003 25       		.uleb128 0x25
 469 0004 0E       		.uleb128 0xe
 470 0005 13       		.uleb128 0x13
 471 0006 0B       		.uleb128 0xb
 472 0007 03       		.uleb128 0x3
 473 0008 0E       		.uleb128 0xe
 474 0009 1B       		.uleb128 0x1b
 475 000a 0E       		.uleb128 0xe
 476 000b 55       		.uleb128 0x55
 477 000c 17       		.uleb128 0x17
 478 000d 11       		.uleb128 0x11
 479 000e 01       		.uleb128 0x1
 480 000f 10       		.uleb128 0x10
 481 0010 17       		.uleb128 0x17
 482 0011 00       		.byte	0
 483 0012 00       		.byte	0
 484 0013 02       		.uleb128 0x2
 485 0014 24       		.uleb128 0x24
 486 0015 00       		.byte	0
 487 0016 0B       		.uleb128 0xb
 488 0017 0B       		.uleb128 0xb
 489 0018 3E       		.uleb128 0x3e
 490 0019 0B       		.uleb128 0xb
 491 001a 03       		.uleb128 0x3
 492 001b 0E       		.uleb128 0xe
 493 001c 00       		.byte	0
 494 001d 00       		.byte	0
 495 001e 03       		.uleb128 0x3
 496 001f 24       		.uleb128 0x24
ARM GAS  C:\Users\Rohit\AppData\Local\Temp\cc2Hb6Lb.s 			page 13


 497 0020 00       		.byte	0
 498 0021 0B       		.uleb128 0xb
 499 0022 0B       		.uleb128 0xb
 500 0023 3E       		.uleb128 0x3e
 501 0024 0B       		.uleb128 0xb
 502 0025 03       		.uleb128 0x3
 503 0026 08       		.uleb128 0x8
 504 0027 00       		.byte	0
 505 0028 00       		.byte	0
 506 0029 04       		.uleb128 0x4
 507 002a 16       		.uleb128 0x16
 508 002b 00       		.byte	0
 509 002c 03       		.uleb128 0x3
 510 002d 0E       		.uleb128 0xe
 511 002e 3A       		.uleb128 0x3a
 512 002f 0B       		.uleb128 0xb
 513 0030 3B       		.uleb128 0x3b
 514 0031 05       		.uleb128 0x5
 515 0032 49       		.uleb128 0x49
 516 0033 13       		.uleb128 0x13
 517 0034 00       		.byte	0
 518 0035 00       		.byte	0
 519 0036 05       		.uleb128 0x5
 520 0037 04       		.uleb128 0x4
 521 0038 01       		.byte	0x1
 522 0039 0B       		.uleb128 0xb
 523 003a 0B       		.uleb128 0xb
 524 003b 3A       		.uleb128 0x3a
 525 003c 0B       		.uleb128 0xb
 526 003d 3B       		.uleb128 0x3b
 527 003e 05       		.uleb128 0x5
 528 003f 01       		.uleb128 0x1
 529 0040 13       		.uleb128 0x13
 530 0041 00       		.byte	0
 531 0042 00       		.byte	0
 532 0043 06       		.uleb128 0x6
 533 0044 28       		.uleb128 0x28
 534 0045 00       		.byte	0
 535 0046 03       		.uleb128 0x3
 536 0047 0E       		.uleb128 0xe
 537 0048 1C       		.uleb128 0x1c
 538 0049 0D       		.uleb128 0xd
 539 004a 00       		.byte	0
 540 004b 00       		.byte	0
 541 004c 07       		.uleb128 0x7
 542 004d 2E       		.uleb128 0x2e
 543 004e 00       		.byte	0
 544 004f 3F       		.uleb128 0x3f
 545 0050 19       		.uleb128 0x19
 546 0051 03       		.uleb128 0x3
 547 0052 0E       		.uleb128 0xe
 548 0053 3A       		.uleb128 0x3a
 549 0054 0B       		.uleb128 0xb
 550 0055 3B       		.uleb128 0x3b
 551 0056 0B       		.uleb128 0xb
 552 0057 27       		.uleb128 0x27
 553 0058 19       		.uleb128 0x19
ARM GAS  C:\Users\Rohit\AppData\Local\Temp\cc2Hb6Lb.s 			page 14


 554 0059 11       		.uleb128 0x11
 555 005a 01       		.uleb128 0x1
 556 005b 12       		.uleb128 0x12
 557 005c 06       		.uleb128 0x6
 558 005d 40       		.uleb128 0x40
 559 005e 18       		.uleb128 0x18
 560 005f 9642     		.uleb128 0x2116
 561 0061 19       		.uleb128 0x19
 562 0062 00       		.byte	0
 563 0063 00       		.byte	0
 564 0064 08       		.uleb128 0x8
 565 0065 2E       		.uleb128 0x2e
 566 0066 00       		.byte	0
 567 0067 3F       		.uleb128 0x3f
 568 0068 19       		.uleb128 0x19
 569 0069 03       		.uleb128 0x3
 570 006a 0E       		.uleb128 0xe
 571 006b 3A       		.uleb128 0x3a
 572 006c 0B       		.uleb128 0xb
 573 006d 3B       		.uleb128 0x3b
 574 006e 0B       		.uleb128 0xb
 575 006f 27       		.uleb128 0x27
 576 0070 19       		.uleb128 0x19
 577 0071 49       		.uleb128 0x49
 578 0072 13       		.uleb128 0x13
 579 0073 11       		.uleb128 0x11
 580 0074 01       		.uleb128 0x1
 581 0075 12       		.uleb128 0x12
 582 0076 06       		.uleb128 0x6
 583 0077 40       		.uleb128 0x40
 584 0078 18       		.uleb128 0x18
 585 0079 9742     		.uleb128 0x2117
 586 007b 19       		.uleb128 0x19
 587 007c 00       		.byte	0
 588 007d 00       		.byte	0
 589 007e 09       		.uleb128 0x9
 590 007f 34       		.uleb128 0x34
 591 0080 00       		.byte	0
 592 0081 03       		.uleb128 0x3
 593 0082 0E       		.uleb128 0xe
 594 0083 3A       		.uleb128 0x3a
 595 0084 0B       		.uleb128 0xb
 596 0085 3B       		.uleb128 0x3b
 597 0086 0B       		.uleb128 0xb
 598 0087 49       		.uleb128 0x49
 599 0088 13       		.uleb128 0x13
 600 0089 02       		.uleb128 0x2
 601 008a 18       		.uleb128 0x18
 602 008b 00       		.byte	0
 603 008c 00       		.byte	0
 604 008d 00       		.byte	0
 605              		.section	.debug_aranges,"",%progbits
 606 0000 2C000000 		.4byte	0x2c
 607 0004 0200     		.2byte	0x2
 608 0006 00000000 		.4byte	.Ldebug_info0
 609 000a 04       		.byte	0x4
 610 000b 00       		.byte	0
ARM GAS  C:\Users\Rohit\AppData\Local\Temp\cc2Hb6Lb.s 			page 15


 611 000c 0000     		.2byte	0
 612 000e 0000     		.2byte	0
 613 0010 00000000 		.4byte	.LFB37
 614 0014 20000000 		.4byte	.LFE37-.LFB37
 615 0018 00000000 		.4byte	.LFB38
 616 001c 48000000 		.4byte	.LFE38-.LFB38
 617 0020 00000000 		.4byte	.LFB39
 618 0024 14000000 		.4byte	.LFE39-.LFB39
 619 0028 00000000 		.4byte	0
 620 002c 00000000 		.4byte	0
 621              		.section	.debug_ranges,"",%progbits
 622              	.Ldebug_ranges0:
 623 0000 00000000 		.4byte	.LFB37
 624 0004 20000000 		.4byte	.LFE37
 625 0008 00000000 		.4byte	.LFB38
 626 000c 48000000 		.4byte	.LFE38
 627 0010 00000000 		.4byte	.LFB39
 628 0014 14000000 		.4byte	.LFE39
 629 0018 00000000 		.4byte	0
 630 001c 00000000 		.4byte	0
 631              		.section	.debug_line,"",%progbits
 632              	.Ldebug_line0:
 633 0000 A1000000 		.section	.debug_str,"MS",%progbits,1
 633      02005B00 
 633      00000201 
 633      FB0E0D00 
 633      01010101 
 634              	.LASF22:
 635 0000 4359424C 		.ascii	"CYBLE_EVT_GAP_PASSKEY_ENTRY_REQUEST\000"
 635      455F4556 
 635      545F4741 
 635      505F5041 
 635      53534B45 
 636              	.LASF79:
 637 0024 57617463 		.ascii	"WatchdogTimer_Isr\000"
 637      68646F67 
 637      54696D65 
 637      725F4973 
 637      7200
 638              	.LASF53:
 639 0036 4359424C 		.ascii	"CYBLE_EVT_GATTC_WRITE_RSP\000"
 639      455F4556 
 639      545F4741 
 639      5454435F 
 639      57524954 
 640              	.LASF19:
 641 0050 4359424C 		.ascii	"CYBLE_EVT_MEMORY_REQUEST\000"
 641      455F4556 
 641      545F4D45 
 641      4D4F5259 
 641      5F524551 
 642              	.LASF40:
 643 0069 4359424C 		.ascii	"CYBLE_EVT_GATTC_ERROR_RSP\000"
 643      455F4556 
 643      545F4741 
 643      5454435F 
 643      4552524F 
ARM GAS  C:\Users\Rohit\AppData\Local\Temp\cc2Hb6Lb.s 			page 16


 644              	.LASF82:
 645 0083 2E5C5761 		.ascii	".\\WatchdogTimer.c\000"
 645      74636864 
 645      6F675469 
 645      6D65722E 
 645      6300
 646              	.LASF34:
 647 0095 4359424C 		.ascii	"CYBLE_EVT_GAP_KEYPRESS_NOTIFICATION\000"
 647      455F4556 
 647      545F4741 
 647      505F4B45 
 647      59505245 
 648              	.LASF2:
 649 00b9 73686F72 		.ascii	"short int\000"
 649      7420696E 
 649      7400
 650              	.LASF25:
 651 00c3 4359424C 		.ascii	"CYBLE_EVT_GAP_AUTH_FAILED\000"
 651      455F4556 
 651      545F4741 
 651      505F4155 
 651      54485F46 
 652              	.LASF12:
 653 00dd 73697A65 		.ascii	"sizetype\000"
 653      74797065 
 653      00
 654              	.LASF36:
 655 00e6 4359424C 		.ascii	"CYBLE_EVT_GAP_DATA_LENGTH_CHANGE\000"
 655      455F4556 
 655      545F4741 
 655      505F4441 
 655      54415F4C 
 656              	.LASF6:
 657 0107 6C6F6E67 		.ascii	"long long int\000"
 657      206C6F6E 
 657      6720696E 
 657      7400
 658              	.LASF83:
 659 0115 433A5C55 		.ascii	"C:\\Users\\Rohit\\Documents\\ALL DESKTOP JUNK\\9047"
 659      73657273 
 659      5C526F68 
 659      69745C44 
 659      6F63756D 
 660 0143 2D2D2D4C 		.ascii	"---Lab-2---group-7.cydsn\000"
 660      61622D32 
 660      2D2D2D67 
 660      726F7570 
 660      2D372E63 
 661              	.LASF17:
 662 015c 4359424C 		.ascii	"CYBLE_EVT_HCI_STATUS\000"
 662      455F4556 
 662      545F4843 
 662      495F5354 
 662      41545553 
 663              	.LASF46:
 664 0171 4359424C 		.ascii	"CYBLE_EVT_GATTC_READ_BY_TYPE_RSP\000"
 664      455F4556 
ARM GAS  C:\Users\Rohit\AppData\Local\Temp\cc2Hb6Lb.s 			page 17


 664      545F4741 
 664      5454435F 
 664      52454144 
 665              	.LASF14:
 666 0192 4359424C 		.ascii	"CYBLE_EVT_STACK_ON\000"
 666      455F4556 
 666      545F5354 
 666      41434B5F 
 666      4F4E00
 667              	.LASF43:
 668 01a5 4359424C 		.ascii	"CYBLE_EVT_GATTS_XCNHG_MTU_REQ\000"
 668      455F4556 
 668      545F4741 
 668      5454535F 
 668      58434E48 
 669              	.LASF32:
 670 01c3 4359424C 		.ascii	"CYBLE_EVT_GAP_KEYINFO_EXCHNGE_CMPLT\000"
 670      455F4556 
 670      545F4741 
 670      505F4B45 
 670      59494E46 
 671              	.LASF51:
 672 01e7 4359424C 		.ascii	"CYBLE_EVT_GATTC_READ_MULTI_RSP\000"
 672      455F4556 
 672      545F4741 
 672      5454435F 
 672      52454144 
 673              	.LASF60:
 674 0206 4359424C 		.ascii	"CYBLE_EVT_GATTS_HANDLE_VALUE_CNF\000"
 674      455F4556 
 674      545F4741 
 674      5454535F 
 674      48414E44 
 675              	.LASF13:
 676 0227 4359424C 		.ascii	"CYBLE_EVT_HOST_INVALID\000"
 676      455F4556 
 676      545F484F 
 676      53545F49 
 676      4E56414C 
 677              	.LASF68:
 678 023e 4359424C 		.ascii	"CYBLE_EVT_L2CAP_CBFC_CONN_IND\000"
 678      455F4556 
 678      545F4C32 
 678      4341505F 
 678      43424643 
 679              	.LASF71:
 680 025c 4359424C 		.ascii	"CYBLE_EVT_L2CAP_CBFC_DISCONN_CNF\000"
 680      455F4556 
 680      545F4C32 
 680      4341505F 
 680      43424643 
 681              	.LASF9:
 682 027d 666C6F61 		.ascii	"float\000"
 682      7400
 683              	.LASF49:
 684 0283 4359424C 		.ascii	"CYBLE_EVT_GATTC_READ_RSP\000"
 684      455F4556 
ARM GAS  C:\Users\Rohit\AppData\Local\Temp\cc2Hb6Lb.s 			page 18


 684      545F4741 
 684      5454435F 
 684      52454144 
 685              	.LASF33:
 686 029c 4359424C 		.ascii	"CYBLE_EVT_GAP_NUMERIC_COMPARISON_REQUEST\000"
 686      455F4556 
 686      545F4741 
 686      505F4E55 
 686      4D455249 
 687              	.LASF38:
 688 02c5 4359424C 		.ascii	"CYBLE_EVT_GAPC_DIRECT_ADV_REPORT\000"
 688      455F4556 
 688      545F4741 
 688      50435F44 
 688      49524543 
 689              	.LASF7:
 690 02e6 6C6F6E67 		.ascii	"long long unsigned int\000"
 690      206C6F6E 
 690      6720756E 
 690      7369676E 
 690      65642069 
 691              	.LASF4:
 692 02fd 6C6F6E67 		.ascii	"long int\000"
 692      20696E74 
 692      00
 693              	.LASF59:
 694 0306 4359424C 		.ascii	"CYBLE_EVT_GATTC_HANDLE_VALUE_IND\000"
 694      455F4556 
 694      545F4741 
 694      5454435F 
 694      48414E44 
 695              	.LASF27:
 696 0327 4359424C 		.ascii	"CYBLE_EVT_GAP_DEVICE_CONNECTED\000"
 696      455F4556 
 696      545F4741 
 696      505F4445 
 696      56494345 
 697              	.LASF26:
 698 0346 4359424C 		.ascii	"CYBLE_EVT_GAPP_ADVERTISEMENT_START_STOP\000"
 698      455F4556 
 698      545F4741 
 698      50505F41 
 698      44564552 
 699              	.LASF58:
 700 036e 4359424C 		.ascii	"CYBLE_EVT_GATTC_HANDLE_VALUE_NTF\000"
 700      455F4556 
 700      545F4741 
 700      5454435F 
 700      48414E44 
 701              	.LASF18:
 702 038f 4359424C 		.ascii	"CYBLE_EVT_STACK_BUSY_STATUS\000"
 702      455F4556 
 702      545F5354 
 702      41434B5F 
 702      42555359 
 703              	.LASF23:
 704 03ab 4359424C 		.ascii	"CYBLE_EVT_GAP_PASSKEY_DISPLAY_REQUEST\000"
ARM GAS  C:\Users\Rohit\AppData\Local\Temp\cc2Hb6Lb.s 			page 19


 704      455F4556 
 704      545F4741 
 704      505F5041 
 704      53534B45 
 705              	.LASF69:
 706 03d1 4359424C 		.ascii	"CYBLE_EVT_L2CAP_CBFC_CONN_CNF\000"
 706      455F4556 
 706      545F4C32 
 706      4341505F 
 706      43424643 
 707              	.LASF85:
 708 03ef 57617463 		.ascii	"WatchdogTimer_GetTimestamp\000"
 708      68646F67 
 708      54696D65 
 708      725F4765 
 708      7454696D 
 709              	.LASF37:
 710 040a 4359424C 		.ascii	"CYBLE_EVT_GAP_ENHANCE_CONN_COMPLETE\000"
 710      455F4556 
 710      545F4741 
 710      505F454E 
 710      48414E43 
 711              	.LASF65:
 712 042e 4359424C 		.ascii	"CYBLE_EVT_L2CAP_CONN_PARAM_UPDATE_REQ\000"
 712      455F4556 
 712      545F4C32 
 712      4341505F 
 712      434F4E4E 
 713              	.LASF1:
 714 0454 756E7369 		.ascii	"unsigned char\000"
 714      676E6564 
 714      20636861 
 714      7200
 715              	.LASF55:
 716 0462 4359424C 		.ascii	"CYBLE_EVT_GATTS_PREP_WRITE_REQ\000"
 716      455F4556 
 716      545F4741 
 716      5454535F 
 716      50524550 
 717              	.LASF77:
 718 0481 4359424C 		.ascii	"CYBLE_EVT_LE_PING_AUTH_TIMEOUT\000"
 718      455F4556 
 718      545F4C45 
 718      5F50494E 
 718      475F4155 
 719              	.LASF47:
 720 04a0 4359424C 		.ascii	"CYBLE_EVT_GATTC_FIND_INFO_RSP\000"
 720      455F4556 
 720      545F4741 
 720      5454435F 
 720      46494E44 
 721              	.LASF0:
 722 04be 7369676E 		.ascii	"signed char\000"
 722      65642063 
 722      68617200 
 723              	.LASF52:
 724 04ca 4359424C 		.ascii	"CYBLE_EVT_GATTS_WRITE_REQ\000"
ARM GAS  C:\Users\Rohit\AppData\Local\Temp\cc2Hb6Lb.s 			page 20


 724      455F4556 
 724      545F4741 
 724      5454535F 
 724      57524954 
 725              	.LASF48:
 726 04e4 4359424C 		.ascii	"CYBLE_EVT_GATTC_FIND_BY_TYPE_VALUE_RSP\000"
 726      455F4556 
 726      545F4741 
 726      5454435F 
 726      46494E44 
 727              	.LASF24:
 728 050b 4359424C 		.ascii	"CYBLE_EVT_GAP_AUTH_COMPLETE\000"
 728      455F4556 
 728      545F4741 
 728      505F4155 
 728      54485F43 
 729              	.LASF8:
 730 0527 756E7369 		.ascii	"unsigned int\000"
 730      676E6564 
 730      20696E74 
 730      00
 731              	.LASF41:
 732 0534 4359424C 		.ascii	"CYBLE_EVT_GATT_CONNECT_IND\000"
 732      455F4556 
 732      545F4741 
 732      54545F43 
 732      4F4E4E45 
 733              	.LASF5:
 734 054f 6C6F6E67 		.ascii	"long unsigned int\000"
 734      20756E73 
 734      69676E65 
 734      6420696E 
 734      7400
 735              	.LASF21:
 736 0561 4359424C 		.ascii	"CYBLE_EVT_GAP_AUTH_REQ\000"
 736      455F4556 
 736      545F4741 
 736      505F4155 
 736      54485F52 
 737              	.LASF70:
 738 0578 4359424C 		.ascii	"CYBLE_EVT_L2CAP_CBFC_DISCONN_IND\000"
 738      455F4556 
 738      545F4C32 
 738      4341505F 
 738      43424643 
 739              	.LASF29:
 740 0599 4359424C 		.ascii	"CYBLE_EVT_GAP_ENCRYPT_CHANGE\000"
 740      455F4556 
 740      545F4741 
 740      505F454E 
 740      43525950 
 741              	.LASF64:
 742 05b6 4359424C 		.ascii	"CYBLE_EVT_GATTC_LONG_PROCEDURE_END\000"
 742      455F4556 
 742      545F4741 
 742      5454435F 
 742      4C4F4E47 
ARM GAS  C:\Users\Rohit\AppData\Local\Temp\cc2Hb6Lb.s 			page 21


 743              	.LASF3:
 744 05d9 73686F72 		.ascii	"short unsigned int\000"
 744      7420756E 
 744      7369676E 
 744      65642069 
 744      6E7400
 745              	.LASF30:
 746 05ec 4359424C 		.ascii	"CYBLE_EVT_GAP_CONNECTION_UPDATE_COMPLETE\000"
 746      455F4556 
 746      545F4741 
 746      505F434F 
 746      4E4E4543 
 747              	.LASF39:
 748 0615 4359424C 		.ascii	"CYBLE_EVT_GAP_SMP_NEGOTIATED_AUTH_INFO\000"
 748      455F4556 
 748      545F4741 
 748      505F534D 
 748      505F4E45 
 749              	.LASF11:
 750 063c 63686172 		.ascii	"char\000"
 750      00
 751              	.LASF81:
 752 0641 474E5520 		.ascii	"GNU C 4.9.3 20150303 (release) [ARM/embedded-4_9-br"
 752      4320342E 
 752      392E3320 
 752      32303135 
 752      30333033 
 753 0674 616E6368 		.ascii	"anch revision 221220] -mcpu=cortex-m0 -mthumb -g -O"
 753      20726576 
 753      6973696F 
 753      6E203232 
 753      31323230 
 754 06a7 30202D66 		.ascii	"0 -ffunction-sections -ffat-lto-objects\000"
 754      66756E63 
 754      74696F6E 
 754      2D736563 
 754      74696F6E 
 755              	.LASF67:
 756 06cf 4359424C 		.ascii	"CYBLE_EVT_L2CAP_COMMAND_REJ\000"
 756      455F4556 
 756      545F4C32 
 756      4341505F 
 756      434F4D4D 
 757              	.LASF50:
 758 06eb 4359424C 		.ascii	"CYBLE_EVT_GATTC_READ_BLOB_RSP\000"
 758      455F4556 
 758      545F4741 
 758      5454435F 
 758      52454144 
 759              	.LASF57:
 760 0709 4359424C 		.ascii	"CYBLE_EVT_GATTC_EXEC_WRITE_RSP\000"
 760      455F4556 
 760      545F4741 
 760      5454435F 
 760      45584543 
 761              	.LASF84:
 762 0728 75696E74 		.ascii	"uint32\000"
ARM GAS  C:\Users\Rohit\AppData\Local\Temp\cc2Hb6Lb.s 			page 22


 762      333200
 763              	.LASF76:
 764 072f 4359424C 		.ascii	"CYBLE_EVT_PENDING_FLASH_WRITE\000"
 764      455F4556 
 764      545F5045 
 764      4E44494E 
 764      475F464C 
 765              	.LASF73:
 766 074d 4359424C 		.ascii	"CYBLE_EVT_L2CAP_CBFC_RX_CREDIT_IND\000"
 766      455F4556 
 766      545F4C32 
 766      4341505F 
 766      43424643 
 767              	.LASF10:
 768 0770 646F7562 		.ascii	"double\000"
 768      6C6500
 769              	.LASF74:
 770 0777 4359424C 		.ascii	"CYBLE_EVT_L2CAP_CBFC_TX_CREDIT_IND\000"
 770      455F4556 
 770      545F4C32 
 770      4341505F 
 770      43424643 
 771              	.LASF16:
 772 079a 4359424C 		.ascii	"CYBLE_EVT_HARDWARE_ERROR\000"
 772      455F4556 
 772      545F4841 
 772      52445741 
 772      52455F45 
 773              	.LASF72:
 774 07b3 4359424C 		.ascii	"CYBLE_EVT_L2CAP_CBFC_DATA_READ\000"
 774      455F4556 
 774      545F4C32 
 774      4341505F 
 774      43424643 
 775              	.LASF66:
 776 07d2 4359424C 		.ascii	"CYBLE_EVT_L2CAP_CONN_PARAM_UPDATE_RSP\000"
 776      455F4556 
 776      545F4C32 
 776      4341505F 
 776      434F4E4E 
 777              	.LASF86:
 778 07f8 77617463 		.ascii	"watchdogTimestamp\000"
 778      68646F67 
 778      54696D65 
 778      7374616D 
 778      7000
 779              	.LASF20:
 780 080a 4359424C 		.ascii	"CYBLE_EVT_GAPC_SCAN_PROGRESS_RESULT\000"
 780      455F4556 
 780      545F4741 
 780      50435F53 
 780      43414E5F 
 781              	.LASF45:
 782 082e 4359424C 		.ascii	"CYBLE_EVT_GATTC_READ_BY_GROUP_TYPE_RSP\000"
 782      455F4556 
 782      545F4741 
 782      5454435F 
ARM GAS  C:\Users\Rohit\AppData\Local\Temp\cc2Hb6Lb.s 			page 23


 782      52454144 
 783              	.LASF54:
 784 0855 4359424C 		.ascii	"CYBLE_EVT_GATTS_WRITE_CMD_REQ\000"
 784      455F4556 
 784      545F4741 
 784      5454535F 
 784      57524954 
 785              	.LASF44:
 786 0873 4359424C 		.ascii	"CYBLE_EVT_GATTC_XCHNG_MTU_RSP\000"
 786      455F4556 
 786      545F4741 
 786      5454435F 
 786      5843484E 
 787              	.LASF80:
 788 0891 57617463 		.ascii	"WatchdogTimer_Start\000"
 788      68646F67 
 788      54696D65 
 788      725F5374 
 788      61727400 
 789              	.LASF15:
 790 08a5 4359424C 		.ascii	"CYBLE_EVT_TIMEOUT\000"
 790      455F4556 
 790      545F5449 
 790      4D454F55 
 790      5400
 791              	.LASF75:
 792 08b7 4359424C 		.ascii	"CYBLE_EVT_L2CAP_CBFC_DATA_WRITE_IND\000"
 792      455F4556 
 792      545F4C32 
 792      4341505F 
 792      43424643 
 793              	.LASF31:
 794 08db 4359424C 		.ascii	"CYBLE_EVT_GAPC_SCAN_START_STOP\000"
 794      455F4556 
 794      545F4741 
 794      50435F53 
 794      43414E5F 
 795              	.LASF78:
 796 08fa 4359424C 		.ascii	"CYBLE_EVT_MAX\000"
 796      455F4556 
 796      545F4D41 
 796      5800
 797              	.LASF63:
 798 0908 4359424C 		.ascii	"CYBLE_EVT_GATTS_READ_CHAR_VAL_ACCESS_REQ\000"
 798      455F4556 
 798      545F4741 
 798      5454535F 
 798      52454144 
 799              	.LASF62:
 800 0931 4359424C 		.ascii	"CYBLE_EVT_GATTC_STOP_CMD_COMPLETE\000"
 800      455F4556 
 800      545F4741 
 800      5454435F 
 800      53544F50 
 801              	.LASF56:
 802 0953 4359424C 		.ascii	"CYBLE_EVT_GATTS_EXEC_WRITE_REQ\000"
 802      455F4556 
ARM GAS  C:\Users\Rohit\AppData\Local\Temp\cc2Hb6Lb.s 			page 24


 802      545F4741 
 802      5454535F 
 802      45584543 
 803              	.LASF28:
 804 0972 4359424C 		.ascii	"CYBLE_EVT_GAP_DEVICE_DISCONNECTED\000"
 804      455F4556 
 804      545F4741 
 804      505F4445 
 804      56494345 
 805              	.LASF61:
 806 0994 4359424C 		.ascii	"CYBLE_EVT_GATTS_DATA_SIGNED_CMD_REQ\000"
 806      455F4556 
 806      545F4741 
 806      5454535F 
 806      44415441 
 807              	.LASF42:
 808 09b8 4359424C 		.ascii	"CYBLE_EVT_GATT_DISCONNECT_IND\000"
 808      455F4556 
 808      545F4741 
 808      54545F44 
 808      4953434F 
 809              	.LASF35:
 810 09d6 4359424C 		.ascii	"CYBLE_EVT_GAP_OOB_GENERATED_NOTIFICATION\000"
 810      455F4556 
 810      545F4741 
 810      505F4F4F 
 810      425F4745 
 811              		.ident	"GCC: (GNU Tools for ARM Embedded Processors) 4.9.3 20150303 (release) [ARM/embedded-4_9-br
